TN:
SF:gateway/dns-server.js
FN:10,(anonymous_0)
FN:63,(anonymous_1)
FN:83,(anonymous_2)
FN:102,(anonymous_3)
FN:120,(anonymous_4)
FN:142,(anonymous_5)
FN:152,(anonymous_6)
FN:159,(anonymous_7)
FN:178,(anonymous_8)
FN:189,(anonymous_9)
FN:190,(anonymous_10)
FN:195,(anonymous_11)
FN:196,(anonymous_12)
FN:222,(anonymous_13)
FN:237,(anonymous_14)
FN:245,(anonymous_15)
FN:249,(anonymous_16)
FN:266,(anonymous_17)
FN:272,(anonymous_18)
FN:279,(anonymous_19)
FN:299,(anonymous_20)
FN:303,(anonymous_21)
FN:314,(anonymous_22)
FN:315,(anonymous_23)
FN:341,(anonymous_24)
FN:362,(anonymous_25)
FN:379,(anonymous_26)
FN:382,(anonymous_27)
FN:383,(anonymous_28)
FN:390,(anonymous_29)
FN:401,(anonymous_30)
FN:412,(anonymous_31)
FN:434,(anonymous_32)
FN:444,(anonymous_33)
FNF:34
FNH:0
FNDA:0,(anonymous_0)
FNDA:0,(anonymous_1)
FNDA:0,(anonymous_2)
FNDA:0,(anonymous_3)
FNDA:0,(anonymous_4)
FNDA:0,(anonymous_5)
FNDA:0,(anonymous_6)
FNDA:0,(anonymous_7)
FNDA:0,(anonymous_8)
FNDA:0,(anonymous_9)
FNDA:0,(anonymous_10)
FNDA:0,(anonymous_11)
FNDA:0,(anonymous_12)
FNDA:0,(anonymous_13)
FNDA:0,(anonymous_14)
FNDA:0,(anonymous_15)
FNDA:0,(anonymous_16)
FNDA:0,(anonymous_17)
FNDA:0,(anonymous_18)
FNDA:0,(anonymous_19)
FNDA:0,(anonymous_20)
FNDA:0,(anonymous_21)
FNDA:0,(anonymous_22)
FNDA:0,(anonymous_23)
FNDA:0,(anonymous_24)
FNDA:0,(anonymous_25)
FNDA:0,(anonymous_26)
FNDA:0,(anonymous_27)
FNDA:0,(anonymous_28)
FNDA:0,(anonymous_29)
FNDA:0,(anonymous_30)
FNDA:0,(anonymous_31)
FNDA:0,(anonymous_32)
FNDA:0,(anonymous_33)
DA:2,0
DA:3,0
DA:4,0
DA:5,0
DA:6,0
DA:12,0
DA:41,0
DA:42,0
DA:45,0
DA:48,0
DA:51,0
DA:59,0
DA:64,0
DA:66,0
DA:69,0
DA:72,0
DA:74,0
DA:75,0
DA:78,0
DA:85,0
DA:86,0
DA:87,0
DA:90,0
DA:91,0
DA:94,0
DA:95,0
DA:96,0
DA:98,0
DA:103,0
DA:105,0
DA:116,0
DA:121,0
DA:123,0
DA:134,0
DA:135,0
DA:136,0
DA:138,0
DA:143,0
DA:144,0
DA:145,0
DA:146,0
DA:147,0
DA:153,0
DA:155,0
DA:159,0
DA:178,0
DA:189,0
DA:190,0
DA:195,0
DA:197,0
DA:198,0
DA:215,0
DA:216,0
DA:218,0
DA:223,0
DA:225,0
DA:228,0
DA:237,0
DA:238,0
DA:239,0
DA:240,0
DA:242,0
DA:245,0
DA:246,0
DA:249,0
DA:250,0
DA:251,0
DA:255,0
DA:257,0
DA:260,0
DA:261,0
DA:267,0
DA:268,0
DA:269,0
DA:272,0
DA:274,0
DA:280,0
DA:283,0
DA:284,0
DA:288,0
DA:289,0
DA:293,0
DA:294,0
DA:300,0
DA:303,0
DA:304,0
DA:305,0
DA:306,0
DA:315,0
DA:316,0
DA:318,0
DA:320,0
DA:321,0
DA:322,0
DA:323,0
DA:326,0
DA:327,0
DA:333,0
DA:334,0
DA:335,0
DA:342,0
DA:345,0
DA:348,0
DA:350,0
DA:363,0
DA:364,0
DA:366,0
DA:368,0
DA:369,0
DA:371,0
DA:372,0
DA:375,0
DA:380,0
DA:382,0
DA:383,0
DA:392,0
DA:402,0
DA:413,0
DA:414,0
DA:416,0
DA:424,0
DA:435,0
DA:445,0
DA:446,0
DA:447,0
DA:449,0
DA:455,0
LF:127
LH:0
BRDA:15,0,0,0
BRDA:15,0,1,0
BRDA:20,1,0,0
BRDA:20,1,1,0
BRDA:23,2,0,0
BRDA:23,2,1,0
BRDA:24,3,0,0
BRDA:24,3,1,0
BRDA:28,4,0,0
BRDA:28,4,1,0
BRDA:28,4,2,0
BRDA:34,5,0,0
BRDA:34,5,1,0
BRDA:37,6,0,0
BRDA:37,6,1,0
BRDA:102,7,0,0
BRDA:144,8,0,0
BRDA:144,8,1,0
BRDA:239,9,0,0
BRDA:239,9,1,0
BRDA:239,10,0,0
BRDA:239,10,1,0
BRDA:267,11,0,0
BRDA:267,11,1,0
BRDA:283,12,0,0
BRDA:283,12,1,0
BRDA:288,13,0,0
BRDA:288,13,1,0
BRDA:293,14,0,0
BRDA:293,14,1,0
BRDA:293,15,0,0
BRDA:293,15,1,0
BRDA:321,16,0,0
BRDA:321,16,1,0
BRDA:326,17,0,0
BRDA:326,17,1,0
BRDA:327,18,0,0
BRDA:327,18,1,0
BRDA:334,19,0,0
BRDA:334,19,1,0
BRDA:341,20,0,0
BRDA:366,21,0,0
BRDA:366,21,1,0
BRDA:396,22,0,0
BRDA:396,22,1,0
BRDA:404,23,0,0
BRDA:404,23,1,0
BRDA:405,24,0,0
BRDA:405,24,1,0
BRDA:406,25,0,0
BRDA:406,25,1,0
BRDA:439,26,0,0
BRDA:439,26,1,0
BRF:53
BRH:0
end_of_record
TN:
SF:gateway/network-config.js
FN:7,(anonymous_0)
FN:56,(anonymous_1)
FN:74,(anonymous_2)
FN:92,(anonymous_3)
FN:124,(anonymous_4)
FN:154,(anonymous_5)
FN:179,(anonymous_6)
FN:195,(anonymous_7)
FN:213,(anonymous_8)
FN:232,(anonymous_9)
FN:254,(anonymous_10)
FN:273,(anonymous_11)
FN:292,(anonymous_12)
FN:314,(anonymous_13)
FN:336,(anonymous_14)
FN:350,(anonymous_15)
FN:371,(anonymous_16)
FN:406,(anonymous_17)
FN:411,(anonymous_18)
FN:432,(anonymous_19)
FN:434,(anonymous_20)
FN:435,(anonymous_21)
FN:449,(anonymous_22)
FN:452,(anonymous_23)
FN:453,(anonymous_24)
FN:456,(anonymous_25)
FN:457,(anonymous_26)
FN:458,(anonymous_27)
FN:461,(anonymous_28)
FN:462,(anonymous_29)
FN:463,(anonymous_30)
FN:474,(anonymous_31)
FN:484,(anonymous_32)
FN:489,(anonymous_33)
FNF:34
FNH:0
FNDA:0,(anonymous_0)
FNDA:0,(anonymous_1)
FNDA:0,(anonymous_2)
FNDA:0,(anonymous_3)
FNDA:0,(anonymous_4)
FNDA:0,(anonymous_5)
FNDA:0,(anonymous_6)
FNDA:0,(anonymous_7)
FNDA:0,(anonymous_8)
FNDA:0,(anonymous_9)
FNDA:0,(anonymous_10)
FNDA:0,(anonymous_11)
FNDA:0,(anonymous_12)
FNDA:0,(anonymous_13)
FNDA:0,(anonymous_14)
FNDA:0,(anonymous_15)
FNDA:0,(anonymous_16)
FNDA:0,(anonymous_17)
FNDA:0,(anonymous_18)
FNDA:0,(anonymous_19)
FNDA:0,(anonymous_20)
FNDA:0,(anonymous_21)
FNDA:0,(anonymous_22)
FNDA:0,(anonymous_23)
FNDA:0,(anonymous_24)
FNDA:0,(anonymous_25)
FNDA:0,(anonymous_26)
FNDA:0,(anonymous_27)
FNDA:0,(anonymous_28)
FNDA:0,(anonymous_29)
FNDA:0,(anonymous_30)
FNDA:0,(anonymous_31)
FNDA:0,(anonymous_32)
FNDA:0,(anonymous_33)
DA:2,0
DA:3,0
DA:9,0
DA:42,0
DA:45,0
DA:52,0
DA:57,0
DA:59,0
DA:62,0
DA:65,0
DA:67,0
DA:69,0
DA:75,0
DA:77,0
DA:80,0
DA:84,0
DA:86,0
DA:87,0
DA:93,0
DA:95,0
DA:97,0
DA:99,0
DA:101,0
DA:102,0
DA:106,0
DA:108,0
DA:115,0
DA:118,0
DA:119,0
DA:125,0
DA:127,0
DA:129,0
DA:132,0
DA:135,0
DA:137,0
DA:145,0
DA:148,0
DA:149,0
DA:155,0
DA:157,0
DA:158,0
DA:159,0
DA:162,0
DA:165,0
DA:168,0
DA:170,0
DA:173,0
DA:174,0
DA:180,0
DA:182,0
DA:185,0
DA:187,0
DA:190,0
DA:196,0
DA:198,0
DA:200,0
DA:203,0
DA:205,0
DA:208,0
DA:214,0
DA:215,0
DA:217,0
DA:219,0
DA:222,0
DA:224,0
DA:227,0
DA:233,0
DA:234,0
DA:236,0
DA:238,0
DA:241,0
DA:244,0
DA:246,0
DA:249,0
DA:255,0
DA:257,0
DA:260,0
DA:263,0
DA:265,0
DA:268,0
DA:274,0
DA:275,0
DA:277,0
DA:279,0
DA:282,0
DA:284,0
DA:287,0
DA:293,0
DA:298,0
DA:301,0
DA:304,0
DA:306,0
DA:309,0
DA:315,0
DA:317,0
DA:320,0
DA:323,0
DA:326,0
DA:328,0
DA:331,0
DA:337,0
DA:338,0
DA:340,0
DA:348,0
DA:349,0
DA:350,0
DA:354,0
DA:355,0
DA:356,0
DA:359,0
DA:362,0
DA:372,0
DA:379,0
DA:381,0
DA:382,0
DA:389,0
DA:390,0
DA:391,0
DA:392,0
DA:395,0
DA:397,0
DA:400,0
DA:401,0
DA:407,0
DA:408,0
DA:409,0
DA:411,0
DA:412,0
DA:413,0
DA:414,0
DA:415,0
DA:424,0
DA:427,0
DA:433,0
DA:434,0
DA:435,0
DA:437,0
DA:444,0
DA:450,0
DA:452,0
DA:453,0
DA:456,0
DA:457,0
DA:458,0
DA:461,0
DA:462,0
DA:463,0
DA:465,0
DA:468,0
DA:469,0
DA:475,0
DA:476,0
DA:477,0
DA:479,0
DA:485,0
DA:490,0
DA:495,0
LF:157
LH:0
BRDA:12,0,0,0
BRDA:12,0,1,0
BRDA:13,1,0,0
BRDA:13,1,1,0
BRDA:14,2,0,0
BRDA:14,2,1,0
BRDA:15,3,0,0
BRDA:15,3,1,0
BRDA:21,4,0,0
BRDA:21,4,1,0
BRDA:22,5,0,0
BRDA:22,5,1,0
BRDA:23,6,0,0
BRDA:23,6,1,0
BRDA:24,7,0,0
BRDA:24,7,1,0
BRDA:31,8,0,0
BRDA:31,8,1,0
BRDA:32,9,0,0
BRDA:32,9,1,0
BRDA:33,10,0,0
BRDA:33,10,1,0
BRDA:34,11,0,0
BRDA:34,11,1,0
BRDA:35,12,0,0
BRDA:35,12,1,0
BRDA:36,13,0,0
BRDA:36,13,1,0
BRDA:99,14,0,0
BRDA:99,14,1,0
BRDA:342,15,0,0
BRDA:342,15,1,0
BRDA:349,16,0,0
BRDA:349,16,1,0
BRDA:355,17,0,0
BRDA:355,17,1,0
BRDA:414,18,0,0
BRDA:414,18,1,0
BRDA:417,19,0,0
BRDA:417,19,1,0
BRDA:418,20,0,0
BRDA:418,20,1,0
BRF:42
BRH:0
end_of_record
TN:
SF:gateway/network-scanner.js
FN:7,(anonymous_0)
FN:33,(anonymous_1)
FN:51,(anonymous_2)
FN:85,(anonymous_3)
FN:164,(anonymous_4)
FN:177,(anonymous_5)
FN:179,(anonymous_6)
FN:184,(anonymous_7)
FN:207,(anonymous_8)
FN:226,(anonymous_9)
FN:253,(anonymous_10)
FN:284,(anonymous_11)
FN:295,(anonymous_12)
FN:333,(anonymous_13)
FN:344,(anonymous_14)
FN:351,(anonymous_15)
FN:379,(anonymous_16)
FN:381,(anonymous_17)
FN:424,(anonymous_18)
FN:456,(anonymous_19)
FN:485,(anonymous_20)
FN:504,(anonymous_21)
FN:520,(anonymous_22)
FN:531,(anonymous_23)
FN:536,(anonymous_24)
FN:551,(anonymous_25)
FN:561,(anonymous_26)
FN:571,(anonymous_27)
FN:572,(anonymous_28)
FN:579,(anonymous_29)
FN:580,(anonymous_30)
FN:587,(anonymous_31)
FN:589,(anonymous_32)
FN:594,(anonymous_33)
FN:602,(anonymous_34)
FN:616,(anonymous_35)
FNF:36
FNH:0
FNDA:0,(anonymous_0)
FNDA:0,(anonymous_1)
FNDA:0,(anonymous_2)
FNDA:0,(anonymous_3)
FNDA:0,(anonymous_4)
FNDA:0,(anonymous_5)
FNDA:0,(anonymous_6)
FNDA:0,(anonymous_7)
FNDA:0,(anonymous_8)
FNDA:0,(anonymous_9)
FNDA:0,(anonymous_10)
FNDA:0,(anonymous_11)
FNDA:0,(anonymous_12)
FNDA:0,(anonymous_13)
FNDA:0,(anonymous_14)
FNDA:0,(anonymous_15)
FNDA:0,(anonymous_16)
FNDA:0,(anonymous_17)
FNDA:0,(anonymous_18)
FNDA:0,(anonymous_19)
FNDA:0,(anonymous_20)
FNDA:0,(anonymous_21)
FNDA:0,(anonymous_22)
FNDA:0,(anonymous_23)
FNDA:0,(anonymous_24)
FNDA:0,(anonymous_25)
FNDA:0,(anonymous_26)
FNDA:0,(anonymous_27)
FNDA:0,(anonymous_28)
FNDA:0,(anonymous_29)
FNDA:0,(anonymous_30)
FNDA:0,(anonymous_31)
FNDA:0,(anonymous_32)
FNDA:0,(anonymous_33)
FNDA:0,(anonymous_34)
FNDA:0,(anonymous_35)
DA:2,0
DA:3,0
DA:9,0
DA:12,0
DA:15,0
DA:22,0
DA:29,0
DA:34,0
DA:36,0
DA:39,0
DA:42,0
DA:44,0
DA:46,0
DA:52,0
DA:53,0
DA:56,0
DA:57,0
DA:60,0
DA:61,0
DA:69,0
DA:70,0
DA:71,0
DA:73,0
DA:74,0
DA:77,0
DA:78,0
DA:79,0
DA:80,0
DA:86,0
DA:87,0
DA:88,0
DA:90,0
DA:92,0
DA:93,0
DA:94,0
DA:95,0
DA:98,0
DA:110,0
DA:111,0
DA:112,0
DA:113,0
DA:114,0
DA:124,0
DA:125,0
DA:126,0
DA:127,0
DA:132,0
DA:133,0
DA:134,0
DA:135,0
DA:140,0
DA:141,0
DA:142,0
DA:143,0
DA:148,0
DA:149,0
DA:150,0
DA:151,0
DA:156,0
DA:157,0
DA:160,0
DA:165,0
DA:166,0
DA:167,0
DA:168,0
DA:169,0
DA:170,0
DA:171,0
DA:172,0
DA:173,0
DA:179,0
DA:180,0
DA:184,0
DA:185,0
DA:189,0
DA:190,0
DA:194,0
DA:195,0
DA:199,0
DA:200,0
DA:203,0
DA:208,0
DA:210,0
DA:211,0
DA:212,0
DA:213,0
DA:218,0
DA:221,0
DA:227,0
DA:229,0
DA:232,0
DA:233,0
DA:235,0
DA:236,0
DA:248,0
DA:254,0
DA:256,0
DA:257,0
DA:258,0
DA:261,0
DA:262,0
DA:263,0
DA:264,0
DA:267,0
DA:269,0
DA:270,0
DA:271,0
DA:275,0
DA:278,0
DA:279,0
DA:285,0
DA:287,0
DA:288,0
DA:290,0
DA:296,0
DA:316,0
DA:319,0
DA:320,0
DA:322,0
DA:323,0
DA:329,0
DA:334,0
DA:335,0
DA:336,0
DA:337,0
DA:339,0
DA:345,0
DA:347,0
DA:348,0
DA:351,0
DA:352,0
DA:353,0
DA:357,0
DA:358,0
DA:359,0
DA:360,0
DA:371,0
DA:374,0
DA:380,0
DA:381,0
DA:383,0
DA:384,0
DA:385,0
DA:387,0
DA:396,0
DA:397,0
DA:399,0
DA:400,0
DA:401,0
DA:403,0
DA:404,0
DA:405,0
DA:407,0
DA:408,0
DA:409,0
DA:411,0
DA:412,0
DA:413,0
DA:417,0
DA:420,0
DA:425,0
DA:426,0
DA:436,0
DA:437,0
DA:438,0
DA:443,0
DA:447,0
DA:450,0
DA:451,0
DA:457,0
DA:458,0
DA:459,0
DA:460,0
DA:461,0
DA:462,0
DA:463,0
DA:465,0
DA:475,0
DA:486,0
DA:488,0
DA:489,0
DA:491,0
DA:495,0
DA:505,0
DA:507,0
DA:508,0
DA:509,0
DA:511,0
DA:521,0
DA:522,0
DA:532,0
DA:537,0
DA:538,0
DA:539,0
DA:540,0
DA:547,0
DA:552,0
DA:553,0
DA:554,0
DA:556,0
DA:562,0
DA:563,0
DA:564,0
DA:566,0
DA:572,0
DA:580,0
DA:588,0
DA:589,0
DA:594,0
DA:603,0
DA:616,0
DA:626,0
LF:212
LH:0
BRDA:93,0,0,0
BRDA:93,0,1,0
BRDA:94,1,0,0
BRDA:94,1,1,0
BRDA:110,2,0,0
BRDA:110,2,1,0
BRDA:110,3,0,0
BRDA:110,3,1,0
BRDA:112,4,0,0
BRDA:112,4,1,0
BRDA:116,5,0,0
BRDA:116,5,1,0
BRDA:124,6,0,0
BRDA:124,6,1,0
BRDA:124,7,0,0
BRDA:124,7,1,0
BRDA:126,8,0,0
BRDA:126,8,1,0
BRDA:132,9,0,0
BRDA:132,9,1,0
BRDA:132,10,0,0
BRDA:132,10,1,0
BRDA:134,11,0,0
BRDA:134,11,1,0
BRDA:140,12,0,0
BRDA:140,12,1,0
BRDA:140,13,0,0
BRDA:140,13,1,0
BRDA:142,14,0,0
BRDA:142,14,1,0
BRDA:148,15,0,0
BRDA:148,15,1,0
BRDA:148,16,0,0
BRDA:148,16,1,0
BRDA:150,17,0,0
BRDA:150,17,1,0
BRDA:156,18,0,0
BRDA:156,18,1,0
BRDA:165,19,0,0
BRDA:165,19,1,0
BRDA:166,20,0,0
BRDA:166,20,1,0
BRDA:167,21,0,0
BRDA:167,21,1,0
BRDA:167,22,0,0
BRDA:167,22,1,0
BRDA:168,23,0,0
BRDA:168,23,1,0
BRDA:169,24,0,0
BRDA:169,24,1,0
BRDA:170,25,0,0
BRDA:170,25,1,0
BRDA:171,26,0,0
BRDA:171,26,1,0
BRDA:171,27,0,0
BRDA:171,27,1,0
BRDA:172,28,0,0
BRDA:172,28,1,0
BRDA:179,29,0,0
BRDA:179,29,1,0
BRDA:184,30,0,0
BRDA:184,30,1,0
BRDA:189,31,0,0
BRDA:189,31,1,0
BRDA:194,32,0,0
BRDA:194,32,1,0
BRDA:194,33,0,0
BRDA:194,33,1,0
BRDA:199,34,0,0
BRDA:199,34,1,0
BRDA:212,35,0,0
BRDA:212,35,1,0
BRDA:212,36,0,0
BRDA:212,36,1,0
BRDA:235,37,0,0
BRDA:235,37,1,0
BRDA:270,38,0,0
BRDA:270,38,1,0
BRDA:337,39,0,0
BRDA:337,39,1,0
BRDA:352,40,0,0
BRDA:352,40,1,0
BRDA:359,41,0,0
BRDA:359,41,1,0
BRDA:385,42,0,0
BRDA:385,42,1,0
BRDA:397,43,0,0
BRDA:397,43,1,0
BRDA:397,43,2,0
BRDA:397,43,3,0
BRDA:466,44,0,0
BRDA:466,44,1,0
BRDA:467,45,0,0
BRDA:467,45,1,0
BRDA:468,46,0,0
BRDA:468,46,1,0
BRDA:469,47,0,0
BRDA:469,47,1,0
BRDA:470,48,0,0
BRDA:470,48,1,0
BRDA:471,49,0,0
BRDA:471,49,1,0
BRDA:472,50,0,0
BRDA:472,50,1,0
BRDA:472,51,0,0
BRDA:472,51,1,0
BRDA:486,52,0,0
BRDA:486,52,1,0
BRDA:505,53,0,0
BRDA:505,53,1,0
BRDA:523,54,0,0
BRDA:523,54,1,0
BRDA:523,54,2,0
BRDA:523,54,3,0
BRDA:523,54,4,0
BRDA:523,54,5,0
BRDA:523,54,6,0
BRDA:523,54,7,0
BRDA:532,55,0,0
BRDA:532,55,1,0
BRDA:532,55,2,0
BRDA:539,56,0,0
BRDA:539,56,1,0
BRF:123
BRH:0
end_of_record
TN:
SF:gateway/server.js
FN:73,(anonymous_0)
FN:86,(anonymous_1)
FN:99,(anonymous_2)
FN:110,(anonymous_3)
FN:128,(anonymous_4)
FN:149,(anonymous_5)
FN:168,(anonymous_6)
FN:187,(anonymous_7)
FN:205,(anonymous_8)
FN:228,(anonymous_9)
FN:248,(anonymous_10)
FN:267,(anonymous_11)
FN:305,(anonymous_12)
FN:345,(anonymous_13)
FN:363,(anonymous_14)
FN:394,(anonymous_15)
FN:424,(anonymous_16)
FN:442,(anonymous_17)
FN:460,(anonymous_18)
FN:478,(anonymous_19)
FN:500,(anonymous_20)
FN:542,(anonymous_21)
FN:582,(anonymous_22)
FN:583,(anonymous_23)
FN:584,(anonymous_24)
FN:598,(anonymous_25)
FN:599,(anonymous_26)
FN:600,(anonymous_27)
FN:613,(anonymous_28)
FN:634,(anonymous_29)
FN:651,(anonymous_30)
FN:667,(anonymous_31)
FN:714,(anonymous_32)
FN:718,(anonymous_33)
FN:722,(anonymous_34)
FN:732,(anonymous_35)
FN:741,(anonymous_36)
FN:750,(anonymous_37)
FN:769,(anonymous_38)
FN:780,(anonymous_39)
FNF:40
FNH:0
FNDA:0,(anonymous_0)
FNDA:0,(anonymous_1)
FNDA:0,(anonymous_2)
FNDA:0,(anonymous_3)
FNDA:0,(anonymous_4)
FNDA:0,(anonymous_5)
FNDA:0,(anonymous_6)
FNDA:0,(anonymous_7)
FNDA:0,(anonymous_8)
FNDA:0,(anonymous_9)
FNDA:0,(anonymous_10)
FNDA:0,(anonymous_11)
FNDA:0,(anonymous_12)
FNDA:0,(anonymous_13)
FNDA:0,(anonymous_14)
FNDA:0,(anonymous_15)
FNDA:0,(anonymous_16)
FNDA:0,(anonymous_17)
FNDA:0,(anonymous_18)
FNDA:0,(anonymous_19)
FNDA:0,(anonymous_20)
FNDA:0,(anonymous_21)
FNDA:0,(anonymous_22)
FNDA:0,(anonymous_23)
FNDA:0,(anonymous_24)
FNDA:0,(anonymous_25)
FNDA:0,(anonymous_26)
FNDA:0,(anonymous_27)
FNDA:0,(anonymous_28)
FNDA:0,(anonymous_29)
FNDA:0,(anonymous_30)
FNDA:0,(anonymous_31)
FNDA:0,(anonymous_32)
FNDA:0,(anonymous_33)
FNDA:0,(anonymous_34)
FNDA:0,(anonymous_35)
FNDA:0,(anonymous_36)
FNDA:0,(anonymous_37)
FNDA:0,(anonymous_38)
FNDA:0,(anonymous_39)
DA:3,0
DA:4,0
DA:5,0
DA:6,0
DA:7,0
DA:8,0
DA:9,0
DA:10,0
DA:11,0
DA:14,0
DA:15,0
DA:16,0
DA:17,0
DA:20,0
DA:23,0
DA:26,0
DA:33,0
DA:34,0
DA:35,0
DA:38,0
DA:39,0
DA:42,0
DA:48,0
DA:49,0
DA:52,0
DA:58,0
DA:66,0
DA:69,0
DA:70,0
DA:73,0
DA:75,0
DA:76,0
DA:79,0
DA:80,0
DA:86,0
DA:87,0
DA:88,0
DA:92,0
DA:93,0
DA:99,0
DA:100,0
DA:102,0
DA:110,0
DA:111,0
DA:117,0
DA:119,0
DA:128,0
DA:129,0
DA:149,0
DA:150,0
DA:151,0
DA:152,0
DA:159,0
DA:168,0
DA:169,0
DA:170,0
DA:171,0
DA:178,0
DA:187,0
DA:188,0
DA:189,0
DA:190,0
DA:196,0
DA:205,0
DA:206,0
DA:207,0
DA:208,0
DA:210,0
DA:212,0
DA:219,0
DA:228,0
DA:229,0
DA:230,0
DA:231,0
DA:237,0
DA:248,0
DA:249,0
DA:250,0
DA:251,0
DA:258,0
DA:267,0
DA:268,0
DA:269,0
DA:272,0
DA:273,0
DA:280,0
DA:286,0
DA:288,0
DA:296,0
DA:305,0
DA:306,0
DA:307,0
DA:309,0
DA:310,0
DA:317,0
DA:319,0
DA:320,0
DA:326,0
DA:334,0
DA:345,0
DA:346,0
DA:347,0
DA:348,0
DA:354,0
DA:363,0
DA:364,0
DA:365,0
DA:367,0
DA:368,0
DA:375,0
DA:377,0
DA:385,0
DA:394,0
DA:395,0
DA:396,0
DA:398,0
DA:400,0
DA:401,0
DA:407,0
DA:415,0
DA:424,0
DA:425,0
DA:426,0
DA:427,0
DA:433,0
DA:442,0
DA:443,0
DA:444,0
DA:445,0
DA:451,0
DA:460,0
DA:461,0
DA:462,0
DA:463,0
DA:469,0
DA:478,0
DA:479,0
DA:480,0
DA:482,0
DA:484,0
DA:491,0
DA:500,0
DA:501,0
DA:502,0
DA:503,0
DA:504,0
DA:506,0
DA:524,0
DA:531,0
DA:542,0
DA:543,0
DA:544,0
DA:547,0
DA:548,0
DA:549,0
DA:557,0
DA:565,0
DA:573,0
DA:576,0
DA:582,0
DA:583,0
DA:584,0
DA:586,0
DA:587,0
DA:588,0
DA:598,0
DA:599,0
DA:600,0
DA:601,0
DA:602,0
DA:603,0
DA:613,0
DA:614,0
DA:616,0
DA:624,0
DA:630,0
DA:634,0
DA:635,0
DA:641,0
DA:647,0
DA:651,0
DA:652,0
DA:653,0
DA:658,0
DA:667,0
DA:668,0
DA:670,0
DA:671,0
DA:673,0
DA:674,0
DA:682,0
DA:698,0
DA:707,0
DA:715,0
DA:719,0
DA:723,0
DA:724,0
DA:732,0
DA:734,0
DA:741,0
DA:743,0
DA:750,0
DA:751,0
DA:769,0
DA:770,0
DA:772,0
DA:780,0
DA:781,0
DA:782,0
DA:786,0
LF:210
LH:0
BRDA:23,0,0,0
BRDA:23,0,1,0
BRDA:27,1,0,0
BRDA:27,1,1,0
BRDA:28,2,0,0
BRDA:28,2,1,0
BRDA:29,3,0,0
BRDA:29,3,1,0
BRDA:53,4,0,0
BRDA:53,4,1,0
BRDA:76,5,0,0
BRDA:76,5,1,0
BRDA:79,6,0,0
BRDA:79,6,1,0
BRDA:86,7,0,0
BRDA:86,7,1,0
BRDA:87,8,0,0
BRDA:87,8,1,0
BRDA:272,9,0,0
BRDA:272,9,1,0
BRDA:272,10,0,0
BRDA:272,10,1,0
BRDA:272,10,2,0
BRDA:282,11,0,0
BRDA:282,11,1,0
BRDA:283,12,0,0
BRDA:283,12,1,0
BRDA:309,13,0,0
BRDA:309,13,1,0
BRDA:319,14,0,0
BRDA:319,14,1,0
BRDA:367,15,0,0
BRDA:367,15,1,0
BRDA:367,16,0,0
BRDA:367,16,1,0
BRDA:400,17,0,0
BRDA:400,17,1,0
BRDA:544,18,0,0
BRDA:548,19,0,0
BRDA:548,19,1,0
BRDA:587,20,0,0
BRDA:587,20,1,0
BRDA:602,21,0,0
BRDA:602,21,1,0
BRDA:618,22,0,0
BRDA:618,22,1,0
BRDA:619,23,0,0
BRDA:619,23,1,0
BRDA:652,24,0,0
BRDA:652,24,1,0
BRDA:652,25,0,0
BRDA:652,25,1,0
BRDA:673,26,0,0
BRDA:673,26,1,0
BRDA:772,27,0,0
BRDA:772,27,1,0
BRDA:774,28,0,0
BRDA:774,28,1,0
BRF:58
BRH:0
end_of_record
TN:
SF:shared/cache.js
FN:6,(anonymous_0)
FN:36,(anonymous_1)
FN:52,(anonymous_2)
FN:62,(anonymous_3)
FN:104,(anonymous_4)
FN:132,(anonymous_5)
FN:162,(anonymous_6)
FN:205,(anonymous_7)
FN:232,(anonymous_8)
FN:275,(anonymous_9)
FN:289,(anonymous_10)
FN:313,(anonymous_11)
FN:329,(anonymous_12)
FN:335,(anonymous_13)
FN:352,(anonymous_14)
FN:373,(anonymous_15)
FN:393,(anonymous_16)
FN:396,(anonymous_17)
FN:397,(anonymous_18)
FN:401,(anonymous_19)
FN:420,(anonymous_20)
FN:422,(anonymous_21)
FNF:22
FNH:0
FNDA:0,(anonymous_0)
FNDA:0,(anonymous_1)
FNDA:0,(anonymous_2)
FNDA:0,(anonymous_3)
FNDA:0,(anonymous_4)
FNDA:0,(anonymous_5)
FNDA:0,(anonymous_6)
FNDA:0,(anonymous_7)
FNDA:0,(anonymous_8)
FNDA:0,(anonymous_9)
FNDA:0,(anonymous_10)
FNDA:0,(anonymous_11)
FNDA:0,(anonymous_12)
FNDA:0,(anonymous_13)
FNDA:0,(anonymous_14)
FNDA:0,(anonymous_15)
FNDA:0,(anonymous_16)
FNDA:0,(anonymous_17)
FNDA:0,(anonymous_18)
FNDA:0,(anonymous_19)
FNDA:0,(anonymous_20)
FNDA:0,(anonymous_21)
DA:2,0
DA:8,0
DA:11,0
DA:14,0
DA:23,0
DA:26,0
DA:32,0
DA:37,0
DA:38,0
DA:40,0
DA:41,0
DA:43,0
DA:46,0
DA:47,0
DA:54,0
DA:58,0
DA:63,0
DA:64,0
DA:67,0
DA:68,0
DA:69,0
DA:70,0
DA:71,0
DA:72,0
DA:73,0
DA:78,0
DA:79,0
DA:81,0
DA:82,0
DA:83,0
DA:84,0
DA:87,0
DA:92,0
DA:93,0
DA:94,0
DA:97,0
DA:98,0
DA:99,0
DA:105,0
DA:106,0
DA:107,0
DA:110,0
DA:111,0
DA:115,0
DA:120,0
DA:121,0
DA:122,0
DA:125,0
DA:126,0
DA:127,0
DA:133,0
DA:134,0
DA:137,0
DA:138,0
DA:139,0
DA:143,0
DA:144,0
DA:147,0
DA:148,0
DA:149,0
DA:152,0
DA:155,0
DA:156,0
DA:157,0
DA:163,0
DA:164,0
DA:167,0
DA:168,0
DA:170,0
DA:171,0
DA:172,0
DA:173,0
DA:175,0
DA:178,0
DA:179,0
DA:180,0
DA:181,0
DA:187,0
DA:188,0
DA:189,0
DA:190,0
DA:195,0
DA:198,0
DA:199,0
DA:200,0
DA:206,0
DA:207,0
DA:210,0
DA:211,0
DA:215,0
DA:216,0
DA:217,0
DA:218,0
DA:222,0
DA:225,0
DA:226,0
DA:227,0
DA:233,0
DA:234,0
DA:237,0
DA:238,0
DA:239,0
DA:240,0
DA:242,0
DA:243,0
DA:244,0
DA:250,0
DA:251,0
DA:252,0
DA:253,0
DA:255,0
DA:256,0
DA:257,0
DA:258,0
DA:259,0
DA:264,0
DA:265,0
DA:268,0
DA:269,0
DA:270,0
DA:276,0
DA:280,0
DA:290,0
DA:291,0
DA:292,0
DA:296,0
DA:297,0
DA:298,0
DA:299,0
DA:302,0
DA:305,0
DA:306,0
DA:314,0
DA:316,0
DA:319,0
DA:321,0
DA:323,0
DA:324,0
DA:330,0
DA:332,0
DA:335,0
DA:336,0
DA:337,0
DA:338,0
DA:340,0
DA:344,0
DA:346,0
DA:347,0
DA:353,0
DA:355,0
DA:357,0
DA:359,0
DA:362,0
DA:365,0
DA:367,0
DA:368,0
DA:374,0
DA:375,0
DA:377,0
DA:378,0
DA:379,0
DA:380,0
DA:384,0
DA:385,0
DA:388,0
DA:393,0
DA:396,0
DA:397,0
DA:399,0
DA:401,0
DA:403,0
DA:404,0
DA:407,0
DA:409,0
DA:411,0
DA:413,0
DA:414,0
DA:415,0
DA:419,0
DA:420,0
DA:422,0
DA:423,0
DA:426,0
DA:429,0
DA:432,0
DA:433,0
DA:439,0
LF:187
LH:0
BRDA:6,0,0,0
BRDA:38,1,0,0
BRDA:38,1,1,0
BRDA:52,2,0,0
BRDA:54,3,0,0
BRDA:54,3,1,0
BRDA:62,4,0,0
BRDA:67,5,0,0
BRDA:67,5,1,0
BRDA:69,6,0,0
BRDA:69,6,1,0
BRDA:79,7,0,0
BRDA:79,7,1,0
BRDA:81,8,0,0
BRDA:81,8,1,0
BRDA:104,9,0,0
BRDA:106,10,0,0
BRDA:106,10,1,0
BRDA:110,11,0,0
BRDA:110,11,1,0
BRDA:137,12,0,0
BRDA:137,12,1,0
BRDA:143,13,0,0
BRDA:143,13,1,0
BRDA:147,14,0,0
BRDA:147,14,1,0
BRDA:167,15,0,0
BRDA:167,15,1,0
BRDA:167,16,0,0
BRDA:167,16,1,0
BRDA:171,17,0,0
BRDA:171,17,1,0
BRDA:179,18,0,0
BRDA:179,18,1,0
BRDA:179,19,0,0
BRDA:179,19,1,0
BRDA:189,20,0,0
BRDA:189,20,1,0
BRDA:210,21,0,0
BRDA:210,21,1,0
BRDA:217,22,0,0
BRDA:217,22,1,0
BRDA:217,23,0,0
BRDA:217,23,1,0
BRDA:232,24,0,0
BRDA:237,25,0,0
BRDA:237,25,1,0
BRDA:238,26,0,0
BRDA:238,26,1,0
BRDA:243,27,0,0
BRDA:243,27,1,0
BRDA:250,28,0,0
BRDA:250,28,1,0
BRDA:257,29,0,0
BRDA:257,29,1,0
BRDA:276,30,0,0
BRDA:276,30,1,0
BRDA:291,31,0,0
BRDA:291,31,1,0
BRDA:297,32,0,0
BRDA:297,32,1,0
BRDA:313,33,0,0
BRDA:329,34,0,0
BRDA:352,35,0,0
BRDA:357,36,0,0
BRDA:357,36,1,0
BRDA:378,37,0,0
BRDA:378,37,1,0
BRDA:384,38,0,0
BRDA:384,38,1,0
BRDA:393,39,0,0
BRDA:395,40,0,0
BRDA:396,41,0,0
BRDA:397,42,0,0
BRDA:398,43,0,0
BRDA:403,44,0,0
BRDA:403,44,1,0
BRDA:413,45,0,0
BRDA:413,45,1,0
BRF:79
BRH:0
end_of_record
TN:
SF:shared/command-executor.js
FN:7,(anonymous_0)
FN:19,(anonymous_1)
FN:53,(anonymous_2)
FN:65,(anonymous_3)
FN:66,(anonymous_4)
FN:70,(anonymous_5)
FN:98,(anonymous_6)
FN:103,(anonymous_7)
FN:115,(anonymous_8)
FN:121,(anonymous_9)
FN:126,(anonymous_10)
FN:145,(anonymous_11)
FN:158,(anonymous_12)
FN:160,(anonymous_13)
FN:161,(anonymous_14)
FN:162,(anonymous_15)
FN:164,(anonymous_16)
FN:166,(anonymous_17)
FN:167,(anonymous_18)
FN:179,(anonymous_19)
FN:186,(anonymous_20)
FN:193,(anonymous_21)
FN:201,(anonymous_22)
FN:217,(anonymous_23)
FN:218,(anonymous_24)
FN:228,(anonymous_25)
FNF:26
FNH:14
FNDA:26,(anonymous_0)
FNDA:13,(anonymous_1)
FNDA:1,(anonymous_2)
FNDA:0,(anonymous_3)
FNDA:0,(anonymous_4)
FNDA:0,(anonymous_5)
FNDA:0,(anonymous_6)
FNDA:0,(anonymous_7)
FNDA:0,(anonymous_8)
FNDA:0,(anonymous_9)
FNDA:0,(anonymous_10)
FNDA:0,(anonymous_11)
FNDA:4,(anonymous_12)
FNDA:1,(anonymous_13)
FNDA:1,(anonymous_14)
FNDA:0,(anonymous_15)
FNDA:0,(anonymous_16)
FNDA:1,(anonymous_17)
FNDA:0,(anonymous_18)
FNDA:8,(anonymous_19)
FNDA:4,(anonymous_20)
FNDA:6,(anonymous_21)
FNDA:13,(anonymous_22)
FNDA:6,(anonymous_23)
FNDA:7,(anonymous_24)
FNDA:17,(anonymous_25)
DA:2,1
DA:3,1
DA:8,26
DA:20,13
DA:21,3
DA:25,10
DA:26,10
DA:29,10
DA:30,3
DA:34,7
DA:43,7
DA:44,18
DA:45,5
DA:49,2
DA:54,1
DA:56,1
DA:58,0
DA:65,0
DA:66,0
DA:67,0
DA:70,0
DA:71,0
DA:73,0
DA:74,0
DA:79,0
DA:81,0
DA:82,0
DA:92,1
DA:93,1
DA:99,0
DA:101,0
DA:103,0
DA:104,0
DA:111,0
DA:112,0
DA:114,0
DA:115,0
DA:116,0
DA:120,0
DA:121,0
DA:122,0
DA:126,0
DA:127,0
DA:128,0
DA:129,0
DA:136,0
DA:141,0
DA:145,0
DA:146,0
DA:147,0
DA:152,0
DA:153,0
DA:159,4
DA:160,1
DA:161,1
DA:163,0
DA:165,0
DA:166,1
DA:167,0
DA:170,4
DA:171,1
DA:174,3
DA:175,3
DA:180,8
DA:181,3
DA:183,5
DA:187,4
DA:188,3
DA:190,1
DA:195,6
DA:201,13
DA:202,2
DA:206,4
DA:207,4
DA:208,4
DA:209,4
DA:210,1
DA:214,3
DA:218,7
DA:219,6
DA:221,7
DA:222,7
DA:223,5
DA:224,5
DA:225,5
DA:228,17
DA:229,2
DA:231,3
DA:235,2
DA:236,1
DA:239,3
DA:244,1
DA:246,1
LF:93
LH:56
BRDA:7,0,0,2
BRDA:9,1,0,26
BRDA:9,1,1,3
BRDA:10,2,0,26
BRDA:10,2,1,24
BRDA:11,3,0,26
BRDA:11,3,1,4
BRDA:20,4,0,3
BRDA:20,4,1,10
BRDA:20,5,0,13
BRDA:20,5,1,11
BRDA:29,6,0,3
BRDA:29,6,1,7
BRDA:44,7,0,5
BRDA:44,7,1,13
BRDA:53,8,0,1
BRDA:59,9,0,0
BRDA:59,9,1,0
BRDA:60,10,0,0
BRDA:60,10,1,0
BRDA:61,11,0,0
BRDA:61,11,1,0
BRDA:73,12,0,0
BRDA:73,12,1,0
BRDA:98,13,0,0
BRDA:98,14,0,0
BRDA:105,15,0,0
BRDA:105,15,1,0
BRDA:106,16,0,0
BRDA:106,16,1,0
BRDA:107,17,0,0
BRDA:107,17,1,0
BRDA:114,18,0,0
BRDA:114,18,1,0
BRDA:120,19,0,0
BRDA:120,19,1,0
BRDA:127,20,0,0
BRDA:127,20,1,0
BRDA:158,21,0,3
BRDA:170,22,0,1
BRDA:170,22,1,3
BRDA:180,23,0,3
BRDA:180,23,1,5
BRDA:180,24,0,8
BRDA:180,24,1,6
BRDA:187,25,0,3
BRDA:187,25,1,1
BRDA:201,26,0,2
BRDA:201,26,1,4
BRDA:207,27,0,4
BRDA:207,27,1,0
BRDA:209,28,0,1
BRDA:209,28,1,3
BRDA:222,29,0,5
BRDA:222,29,1,2
BRDA:228,30,0,2
BRDA:228,30,1,3
BRDA:228,31,0,5
BRDA:228,31,1,4
BRDA:235,32,0,1
BRDA:235,32,1,1
BRF:61
BRH:38
end_of_record
TN:
SF:shared/monitoring.js
FN:7,(anonymous_0)
FN:68,(anonymous_1)
FN:84,(anonymous_2)
FN:86,(anonymous_3)
FN:91,(anonymous_4)
FN:99,(anonymous_5)
FN:100,(anonymous_6)
FN:108,(anonymous_7)
FN:154,(anonymous_8)
FN:205,(anonymous_9)
FN:230,(anonymous_10)
FN:239,(anonymous_11)
FN:240,(anonymous_12)
FN:242,(anonymous_13)
FN:250,(anonymous_14)
FN:257,(anonymous_15)
FN:280,(anonymous_16)
FN:293,(anonymous_17)
FN:307,(anonymous_18)
FN:361,(anonymous_19)
FN:362,(anonymous_20)
FN:374,(anonymous_21)
FN:404,(anonymous_22)
FN:425,(anonymous_23)
FN:427,(anonymous_24)
FN:435,(anonymous_25)
FN:473,(anonymous_26)
FN:488,(anonymous_27)
FN:508,(anonymous_28)
FN:524,(anonymous_29)
FN:534,(anonymous_30)
FN:540,(anonymous_31)
FN:554,(anonymous_32)
FN:560,(anonymous_33)
FN:565,(anonymous_34)
FN:570,(anonymous_35)
FN:597,(anonymous_36)
FN:615,(anonymous_37)
FN:616,(anonymous_38)
FNF:39
FNH:0
FNDA:0,(anonymous_0)
FNDA:0,(anonymous_1)
FNDA:0,(anonymous_2)
FNDA:0,(anonymous_3)
FNDA:0,(anonymous_4)
FNDA:0,(anonymous_5)
FNDA:0,(anonymous_6)
FNDA:0,(anonymous_7)
FNDA:0,(anonymous_8)
FNDA:0,(anonymous_9)
FNDA:0,(anonymous_10)
FNDA:0,(anonymous_11)
FNDA:0,(anonymous_12)
FNDA:0,(anonymous_13)
FNDA:0,(anonymous_14)
FNDA:0,(anonymous_15)
FNDA:0,(anonymous_16)
FNDA:0,(anonymous_17)
FNDA:0,(anonymous_18)
FNDA:0,(anonymous_19)
FNDA:0,(anonymous_20)
FNDA:0,(anonymous_21)
FNDA:0,(anonymous_22)
FNDA:0,(anonymous_23)
FNDA:0,(anonymous_24)
FNDA:0,(anonymous_25)
FNDA:0,(anonymous_26)
FNDA:0,(anonymous_27)
FNDA:0,(anonymous_28)
FNDA:0,(anonymous_29)
FNDA:0,(anonymous_30)
FNDA:0,(anonymous_31)
FNDA:0,(anonymous_32)
FNDA:0,(anonymous_33)
FNDA:0,(anonymous_34)
FNDA:0,(anonymous_35)
FNDA:0,(anonymous_36)
FNDA:0,(anonymous_37)
FNDA:0,(anonymous_38)
DA:2,0
DA:3,0
DA:8,0
DA:11,0
DA:35,0
DA:43,0
DA:52,0
DA:59,0
DA:62,0
DA:64,0
DA:70,0
DA:73,0
DA:76,0
DA:77,0
DA:80,0
DA:86,0
DA:87,0
DA:91,0
DA:92,0
DA:95,0
DA:100,0
DA:101,0
DA:104,0
DA:109,0
DA:111,0
DA:112,0
DA:115,0
DA:116,0
DA:119,0
DA:122,0
DA:124,0
DA:140,0
DA:143,0
DA:146,0
DA:149,0
DA:155,0
DA:156,0
DA:157,0
DA:160,0
DA:163,0
DA:168,0
DA:172,0
DA:191,0
DA:194,0
DA:197,0
DA:200,0
DA:206,0
DA:209,0
DA:221,0
DA:222,0
DA:225,0
DA:234,0
DA:235,0
DA:240,0
DA:241,0
DA:242,0
DA:243,0
DA:244,0
DA:251,0
DA:252,0
DA:253,0
DA:256,0
DA:257,0
DA:258,0
DA:259,0
DA:262,0
DA:263,0
DA:267,0
DA:275,0
DA:281,0
DA:288,0
DA:289,0
DA:294,0
DA:295,0
DA:298,0
DA:301,0
DA:302,0
DA:308,0
DA:311,0
DA:312,0
DA:313,0
DA:321,0
DA:322,0
DA:323,0
DA:326,0
DA:327,0
DA:328,0
DA:329,0
DA:333,0
DA:337,0
DA:338,0
DA:339,0
DA:340,0
DA:342,0
DA:347,0
DA:349,0
DA:355,0
DA:357,0
DA:362,0
DA:364,0
DA:365,0
DA:366,0
DA:367,0
DA:369,0
DA:376,0
DA:377,0
DA:385,0
DA:386,0
DA:394,0
DA:395,0
DA:406,0
DA:407,0
DA:415,0
DA:416,0
DA:427,0
DA:428,0
DA:431,0
DA:436,0
DA:439,0
DA:440,0
DA:442,0
DA:443,0
DA:446,0
DA:457,0
DA:458,0
DA:459,0
DA:462,0
DA:463,0
DA:467,0
DA:469,0
DA:474,0
DA:484,0
DA:493,0
DA:509,0
DA:511,0
DA:512,0
DA:513,0
DA:514,0
DA:516,0
DA:518,0
DA:519,0
DA:525,0
DA:530,0
DA:535,0
DA:536,0
DA:541,0
DA:542,0
DA:545,0
DA:546,0
DA:547,0
DA:550,0
DA:555,0
DA:556,0
DA:561,0
DA:566,0
DA:571,0
DA:572,0
DA:574,0
DA:598,0
DA:599,0
DA:602,0
DA:603,0
DA:606,0
DA:607,0
DA:610,0
DA:615,0
DA:616,0
DA:617,0
DA:618,0
DA:623,0
LF:170
LH:0
BRDA:7,0,0,0
BRDA:13,1,0,0
BRDA:13,1,1,0
BRDA:14,2,0,0
BRDA:14,2,1,0
BRDA:17,3,0,0
BRDA:17,3,1,0
BRDA:18,4,0,0
BRDA:18,4,1,0
BRDA:21,5,0,0
BRDA:21,5,1,0
BRDA:22,6,0,0
BRDA:22,6,1,0
BRDA:23,7,0,0
BRDA:23,7,1,0
BRDA:24,8,0,0
BRDA:24,8,1,0
BRDA:25,9,0,0
BRDA:25,9,1,0
BRDA:29,10,0,0
BRDA:29,10,1,0
BRDA:76,11,0,0
BRDA:76,11,1,0
BRDA:163,12,0,0
BRDA:163,12,1,0
BRDA:168,13,0,0
BRDA:168,13,1,0
BRDA:262,14,0,0
BRDA:262,14,1,0
BRDA:280,15,0,0
BRDA:294,16,0,0
BRDA:294,16,1,0
BRDA:301,17,0,0
BRDA:301,17,1,0
BRDA:315,18,0,0
BRDA:315,18,1,0
BRDA:316,19,0,0
BRDA:316,19,1,0
BRDA:321,20,0,0
BRDA:321,20,1,0
BRDA:326,21,0,0
BRDA:326,21,1,0
BRDA:328,22,0,0
BRDA:328,22,1,0
BRDA:364,23,0,0
BRDA:364,23,1,0
BRDA:366,24,0,0
BRDA:366,24,1,0
BRDA:376,25,0,0
BRDA:376,25,1,0
BRDA:385,26,0,0
BRDA:385,26,1,0
BRDA:394,27,0,0
BRDA:394,27,1,0
BRDA:406,28,0,0
BRDA:406,28,1,0
BRDA:415,29,0,0
BRDA:415,29,1,0
BRDA:442,30,0,0
BRDA:442,30,1,0
BRDA:442,31,0,0
BRDA:442,31,1,0
BRDA:449,32,0,0
BRDA:449,32,1,0
BRDA:462,33,0,0
BRDA:462,33,1,0
BRDA:484,34,0,0
BRDA:484,34,1,0
BRDA:508,35,0,0
BRDA:511,36,0,0
BRDA:511,36,1,0
BRDA:540,37,0,0
BRDA:540,38,0,0
BRDA:541,39,0,0
BRDA:541,39,1,0
BRDA:541,40,0,0
BRDA:541,40,1,0
BRDA:556,41,0,0
BRDA:556,41,1,0
BRDA:556,42,0,0
BRDA:556,42,1,0
BRDA:565,43,0,0
BRDA:577,44,0,0
BRDA:577,44,1,0
BRDA:578,45,0,0
BRDA:578,45,1,0
BRDA:580,46,0,0
BRDA:580,46,1,0
BRDA:585,47,0,0
BRDA:585,47,1,0
BRDA:586,48,0,0
BRDA:586,48,1,0
BRDA:598,49,0,0
BRDA:598,49,1,0
BRDA:602,50,0,0
BRDA:602,50,1,0
BRDA:606,51,0,0
BRDA:606,51,1,0
BRF:98
BRH:0
end_of_record
TN:
SF:shared/redis.js
FN:6,(anonymous_0)
FN:47,(anonymous_1)
FN:94,(anonymous_2)
FN:110,(anonymous_3)
FN:114,(anonymous_4)
FN:120,(anonymous_5)
FN:127,(anonymous_6)
FN:135,(anonymous_7)
FN:143,(anonymous_8)
FN:149,(anonymous_9)
FN:151,(anonymous_10)
FN:161,(anonymous_11)
FN:168,(anonymous_12)
FN:191,(anonymous_13)
FN:196,(anonymous_14)
FN:201,(anonymous_15)
FN:206,(anonymous_16)
FN:211,(anonymous_17)
FN:216,(anonymous_18)
FN:221,(anonymous_19)
FN:226,(anonymous_20)
FN:231,(anonymous_21)
FN:236,(anonymous_22)
FN:241,(anonymous_23)
FN:246,(anonymous_24)
FN:251,(anonymous_25)
FN:258,(anonymous_26)
FN:262,(anonymous_27)
FN:266,(anonymous_28)
FN:270,(anonymous_29)
FN:275,(anonymous_30)
FN:279,(anonymous_31)
FN:283,(anonymous_32)
FN:287,(anonymous_33)
FN:291,(anonymous_34)
FN:296,(anonymous_35)
FN:300,(anonymous_36)
FN:304,(anonymous_37)
FN:309,(anonymous_38)
FN:313,(anonymous_39)
FN:318,(anonymous_40)
FN:324,(anonymous_41)
FN:329,(anonymous_42)
FN:333,(anonymous_43)
FN:341,(anonymous_44)
FN:354,(anonymous_45)
FN:369,(anonymous_46)
FN:398,(anonymous_47)
FN:421,(anonymous_48)
FN:428,(anonymous_49)
FNF:50
FNH:0
FNDA:0,(anonymous_0)
FNDA:0,(anonymous_1)
FNDA:0,(anonymous_2)
FNDA:0,(anonymous_3)
FNDA:0,(anonymous_4)
FNDA:0,(anonymous_5)
FNDA:0,(anonymous_6)
FNDA:0,(anonymous_7)
FNDA:0,(anonymous_8)
FNDA:0,(anonymous_9)
FNDA:0,(anonymous_10)
FNDA:0,(anonymous_11)
FNDA:0,(anonymous_12)
FNDA:0,(anonymous_13)
FNDA:0,(anonymous_14)
FNDA:0,(anonymous_15)
FNDA:0,(anonymous_16)
FNDA:0,(anonymous_17)
FNDA:0,(anonymous_18)
FNDA:0,(anonymous_19)
FNDA:0,(anonymous_20)
FNDA:0,(anonymous_21)
FNDA:0,(anonymous_22)
FNDA:0,(anonymous_23)
FNDA:0,(anonymous_24)
FNDA:0,(anonymous_25)
FNDA:0,(anonymous_26)
FNDA:0,(anonymous_27)
FNDA:0,(anonymous_28)
FNDA:0,(anonymous_29)
FNDA:0,(anonymous_30)
FNDA:0,(anonymous_31)
FNDA:0,(anonymous_32)
FNDA:0,(anonymous_33)
FNDA:0,(anonymous_34)
FNDA:0,(anonymous_35)
FNDA:0,(anonymous_36)
FNDA:0,(anonymous_37)
FNDA:0,(anonymous_38)
FNDA:0,(anonymous_39)
FNDA:0,(anonymous_40)
FNDA:0,(anonymous_41)
FNDA:0,(anonymous_42)
FNDA:0,(anonymous_43)
FNDA:0,(anonymous_44)
FNDA:0,(anonymous_45)
FNDA:0,(anonymous_46)
FNDA:0,(anonymous_47)
FNDA:0,(anonymous_48)
FNDA:0,(anonymous_49)
DA:2,0
DA:8,0
DA:24,0
DA:25,0
DA:26,0
DA:29,0
DA:37,0
DA:48,0
DA:49,0
DA:52,0
DA:54,0
DA:56,0
DA:59,0
DA:62,0
DA:65,0
DA:67,0
DA:68,0
DA:69,0
DA:70,0
DA:72,0
DA:75,0
DA:77,0
DA:80,0
DA:81,0
DA:82,0
DA:84,0
DA:87,0
DA:89,0
DA:95,0
DA:97,0
DA:99,0
DA:101,0
DA:102,0
DA:104,0
DA:111,0
DA:114,0
DA:115,0
DA:116,0
DA:120,0
DA:121,0
DA:122,0
DA:123,0
DA:127,0
DA:128,0
DA:129,0
DA:130,0
DA:131,0
DA:135,0
DA:136,0
DA:137,0
DA:138,0
DA:139,0
DA:143,0
DA:144,0
DA:150,0
DA:151,0
DA:152,0
DA:153,0
DA:155,0
DA:162,0
DA:163,0
DA:169,0
DA:171,0
DA:172,0
DA:176,0
DA:177,0
DA:179,0
DA:182,0
DA:183,0
DA:184,0
DA:192,0
DA:197,0
DA:202,0
DA:207,0
DA:212,0
DA:217,0
DA:222,0
DA:227,0
DA:232,0
DA:237,0
DA:242,0
DA:247,0
DA:252,0
DA:259,0
DA:263,0
DA:267,0
DA:271,0
DA:276,0
DA:280,0
DA:284,0
DA:288,0
DA:292,0
DA:297,0
DA:301,0
DA:305,0
DA:310,0
DA:314,0
DA:319,0
DA:320,0
DA:325,0
DA:330,0
DA:332,0
DA:333,0
DA:334,0
DA:337,0
DA:342,0
DA:355,0
DA:356,0
DA:357,0
DA:358,0
DA:360,0
DA:364,0
DA:365,0
DA:370,0
DA:371,0
DA:372,0
DA:373,0
DA:375,0
DA:376,0
DA:378,0
DA:388,0
DA:399,0
DA:400,0
DA:402,0
DA:403,0
DA:404,0
DA:405,0
DA:409,0
DA:421,0
DA:422,0
DA:426,0
DA:428,0
DA:429,0
DA:430,0
DA:433,0
DA:434,0
DA:435,0
DA:437,0
DA:442,0
DA:446,0
LF:140
LH:0
BRDA:6,0,0,0
BRDA:9,1,0,0
BRDA:9,1,1,0
BRDA:10,2,0,0
BRDA:10,2,1,0
BRDA:11,3,0,0
BRDA:11,3,1,0
BRDA:12,4,0,0
BRDA:12,4,1,0
BRDA:48,5,0,0
BRDA:48,5,1,0
BRDA:48,6,0,0
BRDA:48,6,1,0
BRDA:111,7,0,0
BRDA:111,7,1,0
BRDA:150,8,0,0
BRDA:150,8,1,0
BRDA:162,9,0,0
BRDA:162,9,1,0
BRDA:171,10,0,0
BRDA:171,10,1,0
BRDA:251,11,0,0
BRDA:252,12,0,0
BRDA:252,12,1,0
BRDA:319,13,0,0
BRDA:319,13,1,0
BRDA:330,14,0,0
BRDA:330,14,1,0
BRDA:355,15,0,0
BRDA:355,15,1,0
BRDA:355,16,0,0
BRDA:355,16,1,0
BRDA:403,17,0,0
BRDA:403,17,1,0
BRDA:405,18,0,0
BRDA:405,18,1,0
BRDA:421,19,0,0
BRDA:428,20,0,0
BRDA:429,21,0,0
BRDA:429,21,1,0
BRDA:433,22,0,0
BRDA:433,22,1,0
BRF:42
BRH:0
end_of_record
TN:
SF:shared/routing.js
FN:6,(anonymous_0)
FN:16,(anonymous_1)
FN:40,(anonymous_2)
FN:49,(anonymous_3)
FN:71,(anonymous_4)
FN:96,(anonymous_5)
FN:107,(anonymous_6)
FN:114,(anonymous_7)
FN:120,(anonymous_8)
FN:121,(anonymous_9)
FN:130,(anonymous_10)
FN:137,(anonymous_11)
FN:143,(anonymous_12)
FN:168,(anonymous_13)
FN:178,(anonymous_14)
FN:196,(anonymous_15)
FN:198,(anonymous_16)
FN:214,(anonymous_17)
FN:221,(anonymous_18)
FN:228,(anonymous_19)
FN:229,(anonymous_20)
FNF:21
FNH:0
FNDA:0,(anonymous_0)
FNDA:0,(anonymous_1)
FNDA:0,(anonymous_2)
FNDA:0,(anonymous_3)
FNDA:0,(anonymous_4)
FNDA:0,(anonymous_5)
FNDA:0,(anonymous_6)
FNDA:0,(anonymous_7)
FNDA:0,(anonymous_8)
FNDA:0,(anonymous_9)
FNDA:0,(anonymous_10)
FNDA:0,(anonymous_11)
FNDA:0,(anonymous_12)
FNDA:0,(anonymous_13)
FNDA:0,(anonymous_14)
FNDA:0,(anonymous_15)
FNDA:0,(anonymous_16)
FNDA:0,(anonymous_17)
FNDA:0,(anonymous_18)
FNDA:0,(anonymous_19)
FNDA:0,(anonymous_20)
DA:2,0
DA:8,0
DA:10,0
DA:12,0
DA:18,0
DA:19,0
DA:23,0
DA:24,0
DA:28,0
DA:36,0
DA:41,0
DA:42,0
DA:43,0
DA:45,0
DA:51,0
DA:52,0
DA:54,0
DA:55,0
DA:57,0
DA:61,0
DA:62,0
DA:63,0
DA:67,0
DA:73,0
DA:76,0
DA:77,0
DA:81,0
DA:82,0
DA:83,0
DA:87,0
DA:88,0
DA:89,0
DA:92,0
DA:97,0
DA:98,0
DA:99,0
DA:100,0
DA:101,0
DA:103,0
DA:109,0
DA:110,0
DA:114,0
DA:115,0
DA:121,0
DA:131,0
DA:132,0
DA:133,0
DA:138,0
DA:139,0
DA:143,0
DA:144,0
DA:145,0
DA:146,0
DA:149,0
DA:151,0
DA:154,0
DA:157,0
DA:160,0
DA:163,0
DA:169,0
DA:170,0
DA:171,0
DA:173,0
DA:174,0
DA:180,0
DA:181,0
DA:183,0
DA:184,0
DA:185,0
DA:186,0
DA:187,0
DA:191,0
DA:192,0
DA:198,0
DA:199,0
DA:201,0
DA:202,0
DA:203,0
DA:204,0
DA:205,0
DA:206,0
DA:210,0
DA:215,0
DA:216,0
DA:217,0
DA:223,0
DA:228,0
DA:229,0
DA:231,0
DA:233,0
DA:235,0
DA:239,0
DA:241,0
DA:243,0
DA:250,0
DA:251,0
DA:253,0
DA:254,0
DA:259,0
LF:99
LH:0
BRDA:18,0,0,0
BRDA:18,0,1,0
BRDA:23,1,0,0
BRDA:23,1,1,0
BRDA:41,2,0,0
BRDA:41,2,1,0
BRDA:49,3,0,0
BRDA:51,4,0,0
BRDA:51,4,1,0
BRDA:54,5,0,0
BRDA:54,5,1,0
BRDA:54,6,0,0
BRDA:54,6,1,0
BRDA:62,7,0,0
BRDA:62,7,1,0
BRDA:76,8,0,0
BRDA:76,8,1,0
BRDA:76,9,0,0
BRDA:76,9,1,0
BRDA:76,9,2,0
BRDA:81,10,0,0
BRDA:81,10,1,0
BRDA:87,11,0,0
BRDA:87,11,1,0
BRDA:98,12,0,0
BRDA:98,12,1,0
BRDA:109,13,0,0
BRDA:109,13,1,0
BRDA:109,14,0,0
BRDA:109,14,1,0
BRDA:109,14,2,0
BRDA:115,15,0,0
BRDA:115,15,1,0
BRDA:115,15,2,0
BRDA:130,16,0,0
BRDA:138,17,0,0
BRDA:138,17,1,0
BRDA:138,18,0,0
BRDA:138,18,1,0
BRDA:144,19,0,0
BRDA:144,19,1,0
BRDA:149,20,0,0
BRDA:149,20,1,0
BRDA:149,20,2,0
BRDA:149,20,3,0
BRDA:149,20,4,0
BRDA:169,21,0,0
BRDA:169,21,1,0
BRDA:181,22,0,0
BRDA:181,22,1,0
BRDA:184,23,0,0
BRDA:184,23,1,0
BRDA:185,24,0,0
BRDA:185,24,1,0
BRDA:198,25,0,0
BRDA:198,25,1,0
BRDA:203,26,0,0
BRDA:203,26,1,0
BRDA:204,27,0,0
BRDA:204,27,1,0
BRDA:205,28,0,0
BRDA:205,28,1,0
BRDA:223,29,0,0
BRDA:223,29,1,0
BRDA:233,30,0,0
BRDA:233,30,1,0
BRDA:241,31,0,0
BRDA:241,31,1,0
BRDA:241,32,0,0
BRDA:241,32,1,0
BRF:70
BRH:0
end_of_record
TN:
SF:shared/security.js
FN:11,(anonymous_0)
FN:55,(anonymous_1)
FN:63,(anonymous_2)
FN:71,(anonymous_3)
FN:76,(anonymous_4)
FN:97,(anonymous_5)
FN:117,(anonymous_6)
FN:158,(anonymous_7)
FN:182,(anonymous_8)
FN:203,(anonymous_9)
FN:211,(anonymous_10)
FN:227,(anonymous_11)
FN:232,(anonymous_12)
FN:247,(anonymous_13)
FN:259,(anonymous_14)
FN:265,(anonymous_15)
FN:278,(anonymous_16)
FN:344,(anonymous_17)
FN:384,(anonymous_18)
FN:418,(anonymous_19)
FN:463,(anonymous_20)
FN:494,(anonymous_21)
FN:499,(anonymous_22)
FN:504,(anonymous_23)
FN:530,(anonymous_24)
FN:548,(anonymous_25)
FN:552,(anonymous_26)
FN:559,(anonymous_27)
FN:572,(anonymous_28)
FN:578,(anonymous_29)
FN:581,(anonymous_30)
FN:586,(anonymous_31)
FN:601,(anonymous_32)
FN:603,(anonymous_33)
FN:610,(anonymous_34)
FN:612,(anonymous_35)
FN:616,(anonymous_36)
FN:635,(anonymous_37)
FNF:38
FNH:0
FNDA:0,(anonymous_0)
FNDA:0,(anonymous_1)
FNDA:0,(anonymous_2)
FNDA:0,(anonymous_3)
FNDA:0,(anonymous_4)
FNDA:0,(anonymous_5)
FNDA:0,(anonymous_6)
FNDA:0,(anonymous_7)
FNDA:0,(anonymous_8)
FNDA:0,(anonymous_9)
FNDA:0,(anonymous_10)
FNDA:0,(anonymous_11)
FNDA:0,(anonymous_12)
FNDA:0,(anonymous_13)
FNDA:0,(anonymous_14)
FNDA:0,(anonymous_15)
FNDA:0,(anonymous_16)
FNDA:0,(anonymous_17)
FNDA:0,(anonymous_18)
FNDA:0,(anonymous_19)
FNDA:0,(anonymous_20)
FNDA:0,(anonymous_21)
FNDA:0,(anonymous_22)
FNDA:0,(anonymous_23)
FNDA:0,(anonymous_24)
FNDA:0,(anonymous_25)
FNDA:0,(anonymous_26)
FNDA:0,(anonymous_27)
FNDA:0,(anonymous_28)
FNDA:0,(anonymous_29)
FNDA:0,(anonymous_30)
FNDA:0,(anonymous_31)
FNDA:0,(anonymous_32)
FNDA:0,(anonymous_33)
FNDA:0,(anonymous_34)
FNDA:0,(anonymous_35)
FNDA:0,(anonymous_36)
FNDA:0,(anonymous_37)
DA:2,0
DA:3,0
DA:4,0
DA:5,0
DA:6,0
DA:7,0
DA:13,0
DA:43,0
DA:46,0
DA:49,0
DA:51,0
DA:57,0
DA:58,0
DA:59,0
DA:63,0
DA:64,0
DA:67,0
DA:72,0
DA:77,0
DA:79,0
DA:80,0
DA:81,0
DA:85,0
DA:87,0
DA:88,0
DA:91,0
DA:92,0
DA:98,0
DA:99,0
DA:101,0
DA:102,0
DA:104,0
DA:105,0
DA:108,0
DA:111,0
DA:112,0
DA:118,0
DA:119,0
DA:122,0
DA:123,0
DA:125,0
DA:128,0
DA:129,0
DA:132,0
DA:133,0
DA:136,0
DA:137,0
DA:140,0
DA:141,0
DA:144,0
DA:145,0
DA:146,0
DA:147,0
DA:150,0
DA:159,0
DA:160,0
DA:161,0
DA:164,0
DA:166,0
DA:167,0
DA:169,0
DA:176,0
DA:177,0
DA:183,0
DA:184,0
DA:185,0
DA:186,0
DA:189,0
DA:191,0
DA:192,0
DA:194,0
DA:197,0
DA:198,0
DA:204,0
DA:205,0
DA:207,0
DA:212,0
DA:213,0
DA:214,0
DA:216,0
DA:217,0
DA:219,0
DA:222,0
DA:232,0
DA:235,0
DA:237,0
DA:248,0
DA:265,0
DA:266,0
DA:268,0
DA:279,0
DA:345,0
DA:346,0
DA:349,0
DA:351,0
DA:358,0
DA:366,0
DA:372,0
DA:373,0
DA:376,0
DA:379,0
DA:385,0
DA:388,0
DA:389,0
DA:390,0
DA:391,0
DA:392,0
DA:397,0
DA:398,0
DA:399,0
DA:400,0
DA:401,0
DA:406,0
DA:407,0
DA:408,0
DA:409,0
DA:410,0
DA:414,0
DA:420,0
DA:421,0
DA:425,0
DA:426,0
DA:428,0
DA:429,0
DA:431,0
DA:433,0
DA:434,0
DA:436,0
DA:438,0
DA:439,0
DA:441,0
DA:446,0
DA:447,0
DA:450,0
DA:451,0
DA:455,0
DA:456,0
DA:459,0
DA:464,0
DA:467,0
DA:474,0
DA:482,0
DA:490,0
DA:491,0
DA:494,0
DA:495,0
DA:499,0
DA:500,0
DA:504,0
DA:505,0
DA:509,0
DA:510,0
DA:511,0
DA:515,0
DA:516,0
DA:526,0
DA:531,0
DA:537,0
DA:540,0
DA:541,0
DA:544,0
DA:549,0
DA:551,0
DA:552,0
DA:555,0
DA:560,0
DA:561,0
DA:564,0
DA:565,0
DA:566,0
DA:571,0
DA:572,0
DA:573,0
DA:579,0
DA:580,0
DA:581,0
DA:582,0
DA:585,0
DA:586,0
DA:587,0
DA:590,0
DA:602,0
DA:603,0
DA:604,0
DA:605,0
DA:609,0
DA:610,0
DA:612,0
DA:617,0
DA:619,0
DA:620,0
DA:623,0
DA:624,0
DA:627,0
DA:628,0
DA:631,0
DA:636,0
DA:637,0
DA:638,0
DA:642,0
DA:643,0
DA:644,0
DA:646,0
DA:651,0
LF:204
LH:0
BRDA:11,0,0,0
BRDA:15,1,0,0
BRDA:15,1,1,0
BRDA:18,2,0,0
BRDA:18,2,1,0
BRDA:18,2,2,0
BRDA:19,3,0,0
BRDA:19,3,1,0
BRDA:22,4,0,0
BRDA:22,4,1,0
BRDA:25,5,0,0
BRDA:25,5,1,0
BRDA:26,6,0,0
BRDA:26,6,1,0
BRDA:29,7,0,0
BRDA:29,7,1,0
BRDA:30,8,0,0
BRDA:30,8,1,0
BRDA:33,9,0,0
BRDA:33,9,1,0
BRDA:34,10,0,0
BRDA:34,10,1,0
BRDA:37,11,0,0
BRDA:37,11,1,0
BRDA:57,12,0,0
BRDA:57,12,1,0
BRDA:71,13,0,0
BRDA:80,14,0,0
BRDA:80,14,1,0
BRDA:80,15,0,0
BRDA:80,15,1,0
BRDA:101,16,0,0
BRDA:101,16,1,0
BRDA:122,17,0,0
BRDA:122,17,1,0
BRDA:125,18,0,0
BRDA:125,18,1,0
BRDA:128,19,0,0
BRDA:128,19,1,0
BRDA:132,20,0,0
BRDA:132,20,1,0
BRDA:136,21,0,0
BRDA:136,21,1,0
BRDA:140,22,0,0
BRDA:140,22,1,0
BRDA:145,23,0,0
BRDA:145,23,1,0
BRDA:152,24,0,0
BRDA:152,24,1,0
BRDA:152,25,0,0
BRDA:152,25,1,0
BRDA:158,26,0,0
BRDA:160,27,0,0
BRDA:160,27,1,0
BRDA:182,28,0,0
BRDA:185,29,0,0
BRDA:185,29,1,0
BRDA:203,30,0,0
BRDA:214,31,0,0
BRDA:214,31,1,0
BRDA:227,32,0,0
BRDA:229,33,0,0
BRDA:230,34,0,0
BRDA:231,35,0,0
BRDA:232,36,0,0
BRDA:233,37,0,0
BRDA:234,38,0,0
BRDA:259,39,0,0
BRDA:261,40,0,0
BRDA:262,41,0,0
BRDA:263,42,0,0
BRDA:264,43,0,0
BRDA:265,44,0,0
BRDA:278,45,0,0
BRDA:281,46,0,0
BRDA:281,46,1,0
BRDA:344,47,0,0
BRDA:345,48,0,0
BRDA:345,48,1,0
BRDA:345,49,0,0
BRDA:345,49,1,0
BRDA:349,50,0,0
BRDA:349,50,1,0
BRDA:349,50,2,0
BRDA:349,50,3,0
BRDA:349,50,4,0
BRDA:349,50,5,0
BRDA:373,51,0,0
BRDA:373,51,1,0
BRDA:384,52,0,0
BRDA:388,53,0,0
BRDA:388,53,1,0
BRDA:392,54,0,0
BRDA:392,54,1,0
BRDA:397,55,0,0
BRDA:397,55,1,0
BRDA:401,56,0,0
BRDA:401,56,1,0
BRDA:406,57,0,0
BRDA:406,57,1,0
BRDA:410,58,0,0
BRDA:410,58,1,0
BRDA:420,59,0,0
BRDA:420,59,1,0
BRDA:420,60,0,0
BRDA:420,60,1,0
BRDA:420,60,2,0
BRDA:420,60,3,0
BRDA:425,61,0,0
BRDA:425,61,1,0
BRDA:425,62,0,0
BRDA:425,62,1,0
BRDA:426,63,0,0
BRDA:426,63,1,0
BRDA:426,63,2,0
BRDA:428,64,0,0
BRDA:428,64,1,0
BRDA:433,65,0,0
BRDA:433,65,1,0
BRDA:438,66,0,0
BRDA:438,66,1,0
BRDA:446,67,0,0
BRDA:446,67,1,0
BRDA:446,68,0,0
BRDA:446,68,1,0
BRDA:446,68,2,0
BRDA:450,69,0,0
BRDA:450,69,1,0
BRDA:450,70,0,0
BRDA:450,70,1,0
BRDA:450,70,2,0
BRDA:455,71,0,0
BRDA:455,71,1,0
BRDA:455,72,0,0
BRDA:455,72,1,0
BRDA:455,72,2,0
BRDA:494,73,0,0
BRDA:494,73,1,0
BRDA:499,74,0,0
BRDA:499,74,1,0
BRDA:504,75,0,0
BRDA:504,75,1,0
BRDA:510,76,0,0
BRDA:510,76,1,0
BRDA:510,77,0,0
BRDA:510,77,1,0
BRDA:510,77,2,0
BRDA:515,78,0,0
BRDA:515,78,1,0
BRDA:534,79,0,0
BRDA:534,79,1,0
BRDA:540,80,0,0
BRDA:540,80,1,0
BRDA:548,81,0,0
BRDA:548,82,0,0
BRDA:551,83,0,0
BRDA:551,83,1,0
BRDA:565,84,0,0
BRDA:565,84,1,0
BRDA:587,85,0,0
BRDA:587,85,1,0
BRDA:604,86,0,0
BRDA:604,86,1,0
BRDA:605,87,0,0
BRDA:605,87,1,0
BRDA:619,88,0,0
BRDA:619,88,1,0
BRDA:623,89,0,0
BRDA:623,89,1,0
BRDA:627,90,0,0
BRDA:627,90,1,0
BRDA:636,91,0,0
BRDA:636,91,1,0
BRF:173
BRH:0
end_of_record
TN:
SF:shared/utils.js
FN:6,(anonymous_0)
FN:11,(anonymous_1)
FN:16,(anonymous_2)
FN:21,(anonymous_3)
FN:31,(anonymous_4)
FN:39,(anonymous_5)
FN:50,(anonymous_6)
FN:65,(anonymous_7)
FN:71,(anonymous_8)
FN:81,(anonymous_9)
FN:86,(anonymous_10)
FN:87,(anonymous_11)
FN:92,(anonymous_12)
FN:93,(anonymous_13)
FN:100,(anonymous_14)
FN:101,(anonymous_15)
FN:107,(anonymous_16)
FN:112,(anonymous_17)
FN:117,(anonymous_18)
FN:122,(anonymous_19)
FN:130,(anonymous_20)
FN:140,(anonymous_21)
FN:144,(anonymous_22)
FNF:23
FNH:1
FNDA:0,(anonymous_0)
FNDA:0,(anonymous_1)
FNDA:1,(anonymous_2)
FNDA:0,(anonymous_3)
FNDA:0,(anonymous_4)
FNDA:0,(anonymous_5)
FNDA:0,(anonymous_6)
FNDA:0,(anonymous_7)
FNDA:0,(anonymous_8)
FNDA:0,(anonymous_9)
FNDA:0,(anonymous_10)
FNDA:0,(anonymous_11)
FNDA:0,(anonymous_12)
FNDA:0,(anonymous_13)
FNDA:0,(anonymous_14)
FNDA:0,(anonymous_15)
FNDA:0,(anonymous_16)
FNDA:0,(anonymous_17)
FNDA:0,(anonymous_18)
FNDA:0,(anonymous_19)
FNDA:0,(anonymous_20)
FNDA:0,(anonymous_21)
FNDA:0,(anonymous_22)
DA:4,1
DA:7,0
DA:12,0
DA:17,1
DA:22,0
DA:23,0
DA:29,1
DA:31,0
DA:39,0
DA:50,0
DA:63,1
DA:66,0
DA:67,0
DA:72,0
DA:73,0
DA:74,0
DA:76,0
DA:82,0
DA:87,0
DA:92,1
DA:93,0
DA:95,0
DA:100,1
DA:101,0
DA:105,1
DA:108,0
DA:113,0
DA:118,0
DA:123,0
DA:128,1
DA:130,0
DA:141,0
DA:142,0
DA:144,0
DA:155,1
LF:35
LH:9
BRDA:22,0,0,0
BRDA:22,0,1,0
BRDA:31,1,0,0
BRDA:39,2,0,0
BRDA:39,3,0,0
BRDA:82,4,0,0
BRDA:82,4,1,0
BRDA:87,5,0,0
BRDA:87,5,1,0
BRDA:107,6,0,0
BRDA:108,7,0,0
BRDA:108,7,1,0
BRDA:136,8,0,0
BRDA:136,8,1,0
BRDA:140,9,0,0
BRDA:146,10,0,0
BRDA:146,10,1,0
BRDA:147,11,0,0
BRDA:147,11,1,0
BRF:19
BRH:0
end_of_record
TN:
SF:vps/network-controller.js
FN:8,(anonymous_0)
FN:28,(anonymous_1)
FN:46,(anonymous_2)
FN:68,(anonymous_3)
FN:123,(anonymous_4)
FN:135,(anonymous_5)
FN:148,(anonymous_6)
FN:152,(anonymous_7)
FN:170,(anonymous_8)
FN:172,(anonymous_9)
FN:215,(anonymous_10)
FN:217,(anonymous_11)
FN:233,(anonymous_12)
FN:261,(anonymous_13)
FN:288,(anonymous_14)
FN:291,(anonymous_15)
FN:292,(anonymous_16)
FN:293,(anonymous_17)
FN:306,(anonymous_18)
FN:338,(anonymous_19)
FN:367,(anonymous_20)
FN:373,(anonymous_21)
FN:410,(anonymous_22)
FN:423,(anonymous_23)
FN:429,(anonymous_24)
FN:447,(anonymous_25)
FN:473,(anonymous_26)
FN:483,(anonymous_27)
FN:495,(anonymous_28)
FN:496,(anonymous_29)
FN:503,(anonymous_30)
FN:504,(anonymous_31)
FN:511,(anonymous_32)
FNF:33
FNH:0
FNDA:0,(anonymous_0)
FNDA:0,(anonymous_1)
FNDA:0,(anonymous_2)
FNDA:0,(anonymous_3)
FNDA:0,(anonymous_4)
FNDA:0,(anonymous_5)
FNDA:0,(anonymous_6)
FNDA:0,(anonymous_7)
FNDA:0,(anonymous_8)
FNDA:0,(anonymous_9)
FNDA:0,(anonymous_10)
FNDA:0,(anonymous_11)
FNDA:0,(anonymous_12)
FNDA:0,(anonymous_13)
FNDA:0,(anonymous_14)
FNDA:0,(anonymous_15)
FNDA:0,(anonymous_16)
FNDA:0,(anonymous_17)
FNDA:0,(anonymous_18)
FNDA:0,(anonymous_19)
FNDA:0,(anonymous_20)
FNDA:0,(anonymous_21)
FNDA:0,(anonymous_22)
FNDA:0,(anonymous_23)
FNDA:0,(anonymous_24)
FNDA:0,(anonymous_25)
FNDA:0,(anonymous_26)
FNDA:0,(anonymous_27)
FNDA:0,(anonymous_28)
FNDA:0,(anonymous_29)
FNDA:0,(anonymous_30)
FNDA:0,(anonymous_31)
FNDA:0,(anonymous_32)
DA:2,0
DA:3,0
DA:4,0
DA:10,0
DA:13,0
DA:16,0
DA:19,0
DA:22,0
DA:24,0
DA:29,0
DA:31,0
DA:34,0
DA:37,0
DA:39,0
DA:41,0
DA:47,0
DA:49,0
DA:50,0
DA:53,0
DA:54,0
DA:61,0
DA:63,0
DA:69,0
DA:70,0
DA:71,0
DA:73,0
DA:75,0
DA:76,0
DA:77,0
DA:78,0
DA:81,0
DA:91,0
DA:92,0
DA:93,0
DA:94,0
DA:99,0
DA:100,0
DA:101,0
DA:102,0
DA:107,0
DA:108,0
DA:109,0
DA:110,0
DA:115,0
DA:116,0
DA:119,0
DA:124,0
DA:125,0
DA:126,0
DA:127,0
DA:128,0
DA:129,0
DA:130,0
DA:131,0
DA:136,0
DA:138,0
DA:139,0
DA:141,0
DA:148,0
DA:149,0
DA:151,0
DA:152,0
DA:153,0
DA:155,0
DA:163,0
DA:165,0
DA:171,0
DA:172,0
DA:174,0
DA:175,0
DA:176,0
DA:178,0
DA:187,0
DA:188,0
DA:190,0
DA:191,0
DA:192,0
DA:194,0
DA:195,0
DA:196,0
DA:198,0
DA:199,0
DA:200,0
DA:202,0
DA:203,0
DA:204,0
DA:208,0
DA:211,0
DA:216,0
DA:217,0
DA:219,0
DA:220,0
DA:221,0
DA:222,0
DA:229,0
DA:234,0
DA:235,0
DA:238,0
DA:240,0
DA:241,0
DA:242,0
DA:243,0
DA:246,0
DA:249,0
DA:251,0
DA:252,0
DA:255,0
DA:256,0
DA:262,0
DA:263,0
DA:266,0
DA:268,0
DA:269,0
DA:270,0
DA:273,0
DA:276,0
DA:278,0
DA:279,0
DA:282,0
DA:283,0
DA:289,0
DA:291,0
DA:292,0
DA:293,0
DA:295,0
DA:296,0
DA:297,0
DA:299,0
DA:301,0
DA:307,0
DA:308,0
DA:309,0
DA:311,0
DA:313,0
DA:314,0
DA:315,0
DA:316,0
DA:320,0
DA:321,0
DA:322,0
DA:334,0
DA:339,0
DA:340,0
DA:343,0
DA:345,0
DA:346,0
DA:347,0
DA:348,0
DA:349,0
DA:352,0
DA:355,0
DA:357,0
DA:358,0
DA:361,0
DA:362,0
DA:368,0
DA:369,0
DA:373,0
DA:374,0
DA:377,0
DA:380,0
DA:381,0
DA:382,0
DA:385,0
DA:388,0
DA:389,0
DA:393,0
DA:400,0
DA:401,0
DA:404,0
DA:405,0
DA:411,0
DA:413,0
DA:415,0
DA:416,0
DA:417,0
DA:421,0
DA:423,0
DA:427,0
DA:429,0
DA:432,0
DA:441,0
DA:442,0
DA:448,0
DA:449,0
DA:450,0
DA:451,0
DA:452,0
DA:453,0
DA:454,0
DA:456,0
DA:465,0
DA:474,0
DA:475,0
DA:476,0
DA:478,0
DA:484,0
DA:485,0
DA:486,0
DA:487,0
DA:489,0
DA:490,0
DA:496,0
DA:504,0
DA:512,0
DA:513,0
DA:514,0
DA:516,0
DA:521,0
LF:209
LH:0
BRDA:76,0,0,0
BRDA:76,0,1,0
BRDA:77,1,0,0
BRDA:77,1,1,0
BRDA:91,2,0,0
BRDA:91,2,1,0
BRDA:91,3,0,0
BRDA:91,3,1,0
BRDA:93,4,0,0
BRDA:93,4,1,0
BRDA:99,5,0,0
BRDA:99,5,1,0
BRDA:99,6,0,0
BRDA:99,6,1,0
BRDA:101,7,0,0
BRDA:101,7,1,0
BRDA:107,8,0,0
BRDA:107,8,1,0
BRDA:107,9,0,0
BRDA:107,9,1,0
BRDA:109,10,0,0
BRDA:109,10,1,0
BRDA:115,11,0,0
BRDA:115,11,1,0
BRDA:124,12,0,0
BRDA:124,12,1,0
BRDA:125,13,0,0
BRDA:125,13,1,0
BRDA:126,14,0,0
BRDA:126,14,1,0
BRDA:126,15,0,0
BRDA:126,15,1,0
BRDA:127,16,0,0
BRDA:127,16,1,0
BRDA:128,17,0,0
BRDA:128,17,1,0
BRDA:129,18,0,0
BRDA:129,18,1,0
BRDA:130,19,0,0
BRDA:130,19,1,0
BRDA:130,20,0,0
BRDA:130,20,1,0
BRDA:176,21,0,0
BRDA:176,21,1,0
BRDA:188,22,0,0
BRDA:188,22,1,0
BRDA:188,22,2,0
BRDA:188,22,3,0
BRDA:217,23,0,0
BRDA:217,23,1,0
BRDA:221,24,0,0
BRDA:221,24,1,0
BRDA:235,25,0,0
BRDA:240,26,0,0
BRDA:240,26,1,0
BRDA:241,27,0,0
BRDA:241,27,1,0
BRDA:242,28,0,0
BRDA:242,28,1,0
BRDA:243,29,0,0
BRDA:243,29,1,0
BRDA:251,30,0,0
BRDA:251,30,1,0
BRDA:263,31,0,0
BRDA:268,32,0,0
BRDA:268,32,1,0
BRDA:269,33,0,0
BRDA:269,33,1,0
BRDA:270,34,0,0
BRDA:270,34,1,0
BRDA:314,35,0,0
BRDA:314,35,1,0
BRDA:320,36,0,0
BRDA:320,36,1,0
BRDA:320,37,0,0
BRDA:320,37,1,0
BRDA:340,38,0,0
BRDA:345,39,0,0
BRDA:345,39,1,0
BRDA:346,40,0,0
BRDA:346,40,1,0
BRDA:347,41,0,0
BRDA:347,41,1,0
BRDA:348,42,0,0
BRDA:348,42,1,0
BRDA:369,43,0,0
BRDA:385,44,0,0
BRDA:385,44,1,0
BRDA:388,45,0,0
BRDA:388,45,1,0
BRDA:457,46,0,0
BRDA:457,46,1,0
BRDA:458,47,0,0
BRDA:458,47,1,0
BRDA:459,48,0,0
BRDA:459,48,1,0
BRDA:460,49,0,0
BRDA:460,49,1,0
BRDA:461,50,0,0
BRDA:461,50,1,0
BRDA:462,51,0,0
BRDA:462,51,1,0
BRF:102
BRH:0
end_of_record
TN:
SF:vps/port-forwarding.js
FN:7,(anonymous_0)
FN:54,(anonymous_1)
FN:72,(anonymous_2)
FN:96,(anonymous_3)
FN:104,(anonymous_4)
FN:112,(anonymous_5)
FN:135,(anonymous_6)
FN:169,(anonymous_7)
FN:234,(anonymous_8)
FN:249,(anonymous_9)
FN:253,(anonymous_10)
FN:270,(anonymous_11)
FN:308,(anonymous_12)
FN:340,(anonymous_13)
FN:360,(anonymous_14)
FN:365,(anonymous_15)
FN:370,(anonymous_16)
FN:395,(anonymous_17)
FN:406,(anonymous_18)
FN:414,(anonymous_19)
FN:437,(anonymous_20)
FN:444,(anonymous_21)
FN:445,(anonymous_22)
FN:446,(anonymous_23)
FN:458,(anonymous_24)
FN:472,(anonymous_25)
FN:493,(anonymous_26)
FNF:27
FNH:0
FNDA:0,(anonymous_0)
FNDA:0,(anonymous_1)
FNDA:0,(anonymous_2)
FNDA:0,(anonymous_3)
FNDA:0,(anonymous_4)
FNDA:0,(anonymous_5)
FNDA:0,(anonymous_6)
FNDA:0,(anonymous_7)
FNDA:0,(anonymous_8)
FNDA:0,(anonymous_9)
FNDA:0,(anonymous_10)
FNDA:0,(anonymous_11)
FNDA:0,(anonymous_12)
FNDA:0,(anonymous_13)
FNDA:0,(anonymous_14)
FNDA:0,(anonymous_15)
FNDA:0,(anonymous_16)
FNDA:0,(anonymous_17)
FNDA:0,(anonymous_18)
FNDA:0,(anonymous_19)
FNDA:0,(anonymous_20)
FNDA:0,(anonymous_21)
FNDA:0,(anonymous_22)
FNDA:0,(anonymous_23)
FNDA:0,(anonymous_24)
FNDA:0,(anonymous_25)
FNDA:0,(anonymous_26)
DA:2,0
DA:3,0
DA:9,0
DA:23,0
DA:26,0
DA:29,0
DA:50,0
DA:55,0
DA:57,0
DA:60,0
DA:63,0
DA:65,0
DA:67,0
DA:73,0
DA:75,0
DA:78,0
DA:81,0
DA:82,0
DA:85,0
DA:87,0
DA:90,0
DA:91,0
DA:97,0
DA:98,0
DA:99,0
DA:100,0
DA:104,0
DA:107,0
DA:113,0
DA:115,0
DA:116,0
DA:118,0
DA:119,0
DA:120,0
DA:121,0
DA:122,0
DA:127,0
DA:130,0
DA:136,0
DA:138,0
DA:140,0
DA:141,0
DA:142,0
DA:143,0
DA:145,0
DA:146,0
DA:148,0
DA:160,0
DA:163,0
DA:164,0
DA:170,0
DA:179,0
DA:182,0
DA:183,0
DA:186,0
DA:187,0
DA:190,0
DA:191,0
DA:192,0
DA:196,0
DA:197,0
DA:200,0
DA:201,0
DA:204,0
DA:205,0
DA:208,0
DA:220,0
DA:221,0
DA:223,0
DA:225,0
DA:228,0
DA:229,0
DA:235,0
DA:236,0
DA:237,0
DA:238,0
DA:241,0
DA:244,0
DA:245,0
DA:248,0
DA:249,0
DA:252,0
DA:253,0
DA:256,0
DA:257,0
DA:259,0
DA:261,0
DA:264,0
DA:265,0
DA:271,0
DA:272,0
DA:274,0
DA:275,0
DA:276,0
DA:279,0
DA:280,0
DA:281,0
DA:283,0
DA:287,0
DA:290,0
DA:291,0
DA:292,0
DA:293,0
DA:296,0
DA:299,0
DA:302,0
DA:303,0
DA:309,0
DA:310,0
DA:311,0
DA:312,0
DA:316,0
DA:317,0
DA:319,0
DA:323,0
DA:325,0
DA:334,0
DA:335,0
DA:341,0
DA:343,0
DA:345,0
DA:351,0
DA:361,0
DA:366,0
DA:371,0
DA:372,0
DA:382,0
DA:383,0
DA:384,0
DA:386,0
DA:389,0
DA:390,0
DA:391,0
DA:394,0
DA:395,0
DA:397,0
DA:400,0
DA:401,0
DA:407,0
DA:409,0
DA:410,0
DA:413,0
DA:414,0
DA:416,0
DA:426,0
DA:438,0
DA:439,0
DA:444,0
DA:445,0
DA:446,0
DA:449,0
DA:452,0
DA:453,0
DA:459,0
DA:461,0
DA:463,0
DA:464,0
DA:465,0
DA:467,0
DA:472,0
DA:475,0
DA:476,0
DA:482,0
DA:484,0
DA:487,0
DA:488,0
DA:494,0
DA:495,0
DA:496,0
DA:498,0
DA:504,0
LF:171
LH:0
BRDA:11,0,0,0
BRDA:11,0,1,0
BRDA:12,1,0,0
BRDA:12,1,1,0
BRDA:15,2,0,0
BRDA:15,2,1,0
BRDA:16,3,0,0
BRDA:16,3,1,0
BRDA:19,4,0,0
BRDA:19,4,1,0
BRDA:99,5,0,0
BRDA:99,5,1,0
BRDA:119,6,0,0
BRDA:119,6,1,0
BRDA:119,7,0,0
BRDA:119,7,1,0
BRDA:121,8,0,0
BRDA:121,8,1,0
BRDA:140,9,0,0
BRDA:140,9,1,0
BRDA:145,10,0,0
BRDA:145,10,1,0
BRDA:145,11,0,0
BRDA:145,11,1,0
BRDA:172,12,0,0
BRDA:176,13,0,0
BRDA:177,14,0,0
BRDA:178,15,0,0
BRDA:182,16,0,0
BRDA:182,16,1,0
BRDA:182,17,0,0
BRDA:182,17,1,0
BRDA:182,17,2,0
BRDA:186,18,0,0
BRDA:186,18,1,0
BRDA:190,19,0,0
BRDA:190,19,1,0
BRDA:237,20,0,0
BRDA:237,20,1,0
BRDA:272,21,0,0
BRDA:272,21,1,0
BRDA:275,22,0,0
BRDA:275,22,1,0
BRDA:291,23,0,0
BRDA:291,23,1,0
BRDA:311,24,0,0
BRDA:311,24,1,0
BRDA:319,25,0,0
BRDA:319,25,1,0
BRDA:365,26,0,0
BRDA:383,27,0,0
BRDA:383,27,1,0
BRDA:406,28,0,0
BRDA:414,29,0,0
BRDA:414,29,1,0
BRDA:419,30,0,0
BRDA:419,30,1,0
BRF:57
BRH:0
end_of_record
TN:
SF:vps/server.js
FN:48,(anonymous_0)
FN:54,(anonymous_1)
FN:67,(anonymous_2)
FN:86,(anonymous_3)
FN:123,(anonymous_4)
FN:153,(anonymous_5)
FN:175,(anonymous_6)
FN:206,(anonymous_7)
FN:229,(anonymous_8)
FN:249,(anonymous_9)
FN:271,(anonymous_10)
FN:292,(anonymous_11)
FN:313,(anonymous_12)
FN:344,(anonymous_13)
FN:358,(anonymous_14)
FN:362,(anonymous_15)
FN:364,(anonymous_16)
FN:374,(anonymous_17)
FN:380,(anonymous_18)
FN:386,(anonymous_19)
FN:392,(anonymous_20)
FNF:21
FNH:0
FNDA:0,(anonymous_0)
FNDA:0,(anonymous_1)
FNDA:0,(anonymous_2)
FNDA:0,(anonymous_3)
FNDA:0,(anonymous_4)
FNDA:0,(anonymous_5)
FNDA:0,(anonymous_6)
FNDA:0,(anonymous_7)
FNDA:0,(anonymous_8)
FNDA:0,(anonymous_9)
FNDA:0,(anonymous_10)
FNDA:0,(anonymous_11)
FNDA:0,(anonymous_12)
FNDA:0,(anonymous_13)
FNDA:0,(anonymous_14)
FNDA:0,(anonymous_15)
FNDA:0,(anonymous_16)
FNDA:0,(anonymous_17)
FNDA:0,(anonymous_18)
FNDA:0,(anonymous_19)
FNDA:0,(anonymous_20)
DA:2,0
DA:3,0
DA:4,0
DA:5,0
DA:6,0
DA:7,0
DA:10,0
DA:13,0
DA:14,0
DA:17,0
DA:20,0
DA:28,0
DA:31,0
DA:32,0
DA:37,0
DA:41,0
DA:44,0
DA:45,0
DA:48,0
DA:50,0
DA:54,0
DA:56,0
DA:67,0
DA:68,0
DA:69,0
DA:70,0
DA:77,0
DA:86,0
DA:87,0
DA:88,0
DA:90,0
DA:91,0
DA:98,0
DA:106,0
DA:114,0
DA:123,0
DA:124,0
DA:125,0
DA:127,0
DA:129,0
DA:130,0
DA:136,0
DA:144,0
DA:153,0
DA:154,0
DA:155,0
DA:157,0
DA:159,0
DA:166,0
DA:175,0
DA:176,0
DA:177,0
DA:178,0
DA:180,0
DA:181,0
DA:188,0
DA:190,0
DA:197,0
DA:206,0
DA:207,0
DA:208,0
DA:209,0
DA:211,0
DA:213,0
DA:220,0
DA:229,0
DA:230,0
DA:231,0
DA:233,0
DA:240,0
DA:249,0
DA:250,0
DA:251,0
DA:252,0
DA:254,0
DA:262,0
DA:271,0
DA:272,0
DA:273,0
DA:275,0
DA:283,0
DA:292,0
DA:293,0
DA:294,0
DA:296,0
DA:304,0
DA:313,0
DA:314,0
DA:316,0
DA:319,0
DA:322,0
DA:331,0
DA:339,0
DA:344,0
DA:346,0
DA:358,0
DA:359,0
DA:362,0
DA:364,0
DA:365,0
DA:374,0
DA:375,0
DA:380,0
DA:381,0
DA:386,0
DA:387,0
DA:388,0
DA:392,0
DA:393,0
DA:397,0
LF:110
LH:0
BRDA:22,0,0,0
BRDA:22,0,1,0
BRDA:28,1,0,0
BRDA:28,1,1,0
BRDA:33,2,0,0
BRDA:33,2,1,0
BRDA:88,3,0,0
BRDA:88,4,0,0
BRDA:90,5,0,0
BRDA:90,5,1,0
BRDA:90,6,0,0
BRDA:90,6,1,0
BRDA:90,6,2,0
BRDA:129,7,0,0
BRDA:129,7,1,0
BRDA:180,8,0,0
BRDA:180,8,1,0
BRDA:192,9,0,0
BRDA:192,9,1,0
BRDA:192,10,0,0
BRDA:192,10,1,0
BRDA:209,11,0,0
BRDA:251,12,0,0
BRDA:316,13,0,0
BRF:24
BRH:0
end_of_record
TN:
SF:vps/wireguard.js
FN:14,(anonymous_0)
FN:27,(anonymous_1)
FN:45,(anonymous_2)
FN:58,(anonymous_3)
FN:59,(anonymous_4)
FN:60,(anonymous_5)
FN:72,(anonymous_6)
FN:75,(anonymous_7)
FN:96,(anonymous_8)
FN:137,(anonymous_9)
FN:198,(anonymous_10)
FN:232,(anonymous_11)
FN:263,(anonymous_12)
FN:305,(anonymous_13)
FN:337,(anonymous_14)
FN:380,(anonymous_15)
FN:402,(anonymous_16)
FN:427,(anonymous_17)
FN:452,(anonymous_18)
FN:495,(anonymous_19)
FN:522,(anonymous_20)
FN:551,(anonymous_21)
FN:563,(anonymous_22)
FN:564,(anonymous_23)
FN:566,(anonymous_24)
FN:575,(anonymous_25)
FN:591,(anonymous_26)
FN:627,(anonymous_27)
FN:650,(anonymous_28)
FN:660,(anonymous_29)
FN:663,(anonymous_30)
FN:699,(anonymous_31)
FN:714,(anonymous_32)
FN:720,(anonymous_33)
FN:726,(anonymous_34)
FNF:35
FNH:0
FNDA:0,(anonymous_0)
FNDA:0,(anonymous_1)
FNDA:0,(anonymous_2)
FNDA:0,(anonymous_3)
FNDA:0,(anonymous_4)
FNDA:0,(anonymous_5)
FNDA:0,(anonymous_6)
FNDA:0,(anonymous_7)
FNDA:0,(anonymous_8)
FNDA:0,(anonymous_9)
FNDA:0,(anonymous_10)
FNDA:0,(anonymous_11)
FNDA:0,(anonymous_12)
FNDA:0,(anonymous_13)
FNDA:0,(anonymous_14)
FNDA:0,(anonymous_15)
FNDA:0,(anonymous_16)
FNDA:0,(anonymous_17)
FNDA:0,(anonymous_18)
FNDA:0,(anonymous_19)
FNDA:0,(anonymous_20)
FNDA:0,(anonymous_21)
FNDA:0,(anonymous_22)
FNDA:0,(anonymous_23)
FNDA:0,(anonymous_24)
FNDA:0,(anonymous_25)
FNDA:0,(anonymous_26)
FNDA:0,(anonymous_27)
FNDA:0,(anonymous_28)
FNDA:0,(anonymous_29)
FNDA:0,(anonymous_30)
FNDA:0,(anonymous_31)
FNDA:0,(anonymous_32)
FNDA:0,(anonymous_33)
FNDA:0,(anonymous_34)
DA:2,0
DA:3,0
DA:4,0
DA:5,0
DA:6,0
DA:9,0
DA:10,0
DA:16,0
DA:18,0
DA:20,0
DA:23,0
DA:28,0
DA:30,0
DA:33,0
DA:36,0
DA:38,0
DA:40,0
DA:46,0
DA:47,0
DA:48,0
DA:49,0
DA:51,0
DA:52,0
DA:59,0
DA:60,0
DA:61,0
DA:62,0
DA:64,0
DA:65,0
DA:73,0
DA:74,0
DA:75,0
DA:77,0
DA:78,0
DA:79,0
DA:81,0
DA:82,0
DA:87,0
DA:91,0
DA:97,0
DA:99,0
DA:101,0
DA:104,0
DA:107,0
DA:108,0
DA:112,0
DA:113,0
DA:115,0
DA:118,0
DA:127,0
DA:128,0
DA:131,0
DA:132,0
DA:138,0
DA:139,0
DA:160,0
DA:161,0
DA:162,0
DA:165,0
DA:166,0
DA:167,0
DA:170,0
DA:180,0
DA:182,0
DA:192,0
DA:193,0
DA:199,0
DA:201,0
DA:233,0
DA:235,0
DA:264,0
DA:266,0
DA:269,0
DA:270,0
DA:271,0
DA:275,0
DA:276,0
DA:277,0
DA:280,0
DA:281,0
DA:282,0
DA:285,0
DA:286,0
DA:287,0
DA:289,0
DA:291,0
DA:299,0
DA:300,0
DA:306,0
DA:307,0
DA:308,0
DA:309,0
DA:313,0
DA:314,0
DA:317,0
DA:318,0
DA:319,0
DA:321,0
DA:323,0
DA:331,0
DA:332,0
DA:338,0
DA:339,0
DA:340,0
DA:341,0
DA:345,0
DA:346,0
DA:349,0
DA:350,0
DA:351,0
DA:352,0
DA:356,0
DA:357,0
DA:359,0
DA:374,0
DA:375,0
DA:381,0
DA:383,0
DA:385,0
DA:392,0
DA:403,0
DA:404,0
DA:405,0
DA:406,0
DA:410,0
DA:413,0
DA:414,0
DA:415,0
DA:417,0
DA:418,0
DA:421,0
DA:422,0
DA:428,0
DA:429,0
DA:430,0
DA:431,0
DA:435,0
DA:438,0
DA:439,0
DA:440,0
DA:442,0
DA:443,0
DA:446,0
DA:447,0
DA:453,0
DA:454,0
DA:455,0
DA:456,0
DA:460,0
DA:461,0
DA:464,0
DA:475,0
DA:478,0
DA:479,0
DA:483,0
DA:485,0
DA:486,0
DA:489,0
DA:490,0
DA:496,0
DA:497,0
DA:498,0
DA:499,0
DA:502,0
DA:505,0
DA:506,0
DA:510,0
DA:512,0
DA:513,0
DA:516,0
DA:517,0
DA:523,0
DA:524,0
DA:525,0
DA:526,0
DA:530,0
DA:531,0
DA:533,0
DA:545,0
DA:546,0
DA:552,0
DA:554,0
DA:555,0
DA:556,0
DA:559,0
DA:564,0
DA:566,0
DA:567,0
DA:568,0
DA:569,0
DA:572,0
DA:575,0
DA:576,0
DA:577,0
DA:578,0
DA:581,0
DA:592,0
DA:603,0
DA:604,0
DA:612,0
DA:613,0
DA:618,0
DA:619,0
DA:623,0
DA:628,0
DA:629,0
DA:631,0
DA:651,0
DA:652,0
DA:653,0
DA:655,0
DA:661,0
DA:662,0
DA:663,0
DA:665,0
DA:672,0
DA:673,0
DA:675,0
DA:676,0
DA:685,0
DA:686,0
DA:687,0
DA:691,0
DA:693,0
DA:694,0
DA:700,0
DA:701,0
DA:704,0
DA:705,0
DA:708,0
DA:709,0
DA:715,0
DA:716,0
DA:721,0
DA:722,0
DA:727,0
DA:728,0
DA:729,0
DA:731,0
DA:732,0
DA:738,0
LF:241
LH:0
BRDA:9,0,0,0
BRDA:9,0,1,0
BRDA:51,1,0,0
BRDA:51,1,1,0
BRDA:61,2,0,0
BRDA:61,2,1,0
BRDA:81,3,0,0
BRDA:81,3,1,0
BRDA:101,4,0,0
BRDA:101,5,0,0
BRDA:107,6,0,0
BRDA:107,6,1,0
BRDA:142,7,0,0
BRDA:142,7,1,0
BRDA:145,8,0,0
BRDA:145,8,1,0
BRDA:146,9,0,0
BRDA:146,9,1,0
BRDA:147,10,0,0
BRDA:147,10,1,0
BRDA:152,11,0,0
BRDA:152,11,1,0
BRDA:153,12,0,0
BRDA:153,12,1,0
BRDA:154,13,0,0
BRDA:154,13,1,0
BRDA:154,14,0,0
BRDA:154,14,1,0
BRDA:270,15,0,0
BRDA:270,15,1,0
BRDA:270,16,0,0
BRDA:270,16,1,0
BRDA:308,17,0,0
BRDA:308,17,1,0
BRDA:308,18,0,0
BRDA:308,18,1,0
BRDA:340,19,0,0
BRDA:340,19,1,0
BRDA:340,20,0,0
BRDA:340,20,1,0
BRDA:350,21,0,0
BRDA:350,21,1,0
BRDA:352,22,0,0
BRDA:352,22,1,0
BRDA:363,23,0,0
BRDA:363,23,1,0
BRDA:405,24,0,0
BRDA:405,24,1,0
BRDA:430,25,0,0
BRDA:430,25,1,0
BRDA:455,26,0,0
BRDA:455,26,1,0
BRDA:466,27,0,0
BRDA:466,27,1,0
BRDA:469,28,0,0
BRDA:469,28,1,0
BRDA:478,29,0,0
BRDA:478,29,1,0
BRDA:498,30,0,0
BRDA:498,30,1,0
BRDA:498,31,0,0
BRDA:498,31,1,0
BRDA:505,32,0,0
BRDA:505,32,1,0
BRDA:525,33,0,0
BRDA:525,33,1,0
BRDA:536,34,0,0
BRDA:536,34,1,0
BRDA:567,35,0,0
BRDA:567,35,1,0
BRDA:576,36,0,0
BRDA:576,36,1,0
BRDA:591,37,0,0
BRDA:597,38,0,0
BRDA:597,38,1,0
BRDA:598,39,0,0
BRDA:598,39,1,0
BRDA:603,40,0,0
BRDA:603,40,1,0
BRDA:606,41,0,0
BRDA:606,41,1,0
BRDA:607,42,0,0
BRDA:607,42,1,0
BRDA:618,43,0,0
BRDA:618,43,1,0
BRDA:629,44,0,0
BRDA:629,44,1,0
BRDA:639,45,0,0
BRDA:639,45,1,0
BRDA:643,46,0,0
BRDA:643,46,1,0
BRDA:644,47,0,0
BRDA:644,47,1,0
BRDA:675,48,0,0
BRDA:675,48,1,0
BRDA:675,49,0,0
BRDA:675,49,1,0
BRDA:678,50,0,0
BRDA:678,50,1,0
BRDA:679,51,0,0
BRDA:679,51,1,0
BRDA:680,52,0,0
BRDA:680,52,1,0
BRDA:681,53,0,0
BRDA:681,53,1,0
BRDA:682,54,0,0
BRDA:682,54,1,0
BRDA:700,55,0,0
BRDA:700,55,1,0
BRDA:700,56,0,0
BRDA:700,56,1,0
BRDA:704,57,0,0
BRDA:704,57,1,0
BRDA:708,58,0,0
BRDA:708,58,1,0
BRF:115
BRH:0
end_of_record
